{"C:\\Users\\Noa\\Desktop\\Footballsystem\\Football-system\\project\\main.js": {"path":"C:\\Users\\Noa\\Desktop\\Footballsystem\\Football-system\\project\\main.js","statementMap":{"0":{"start":{"line":2,"column":16},"end":{"line":2,"column":49}},"1":{"start":{"line":3,"column":14},"end":{"line":3,"column":30}},"2":{"start":{"line":4,"column":15},"end":{"line":4,"column":34}},"3":{"start":{"line":5,"column":0},"end":{"line":5,"column":27}},"4":{"start":{"line":8,"column":14},"end":{"line":8,"column":32}},"5":{"start":{"line":9,"column":11},"end":{"line":9,"column":26}},"6":{"start":{"line":10,"column":16},"end":{"line":10,"column":42}},"7":{"start":{"line":11,"column":13},"end":{"line":11,"column":30}},"8":{"start":{"line":12,"column":11},"end":{"line":12,"column":26}},"9":{"start":{"line":14,"column":10},"end":{"line":14,"column":19}},"10":{"start":{"line":15,"column":0},"end":{"line":15,"column":23}},"11":{"start":{"line":16,"column":0},"end":{"line":16,"column":24}},"12":{"start":{"line":18,"column":0},"end":{"line":29,"column":2}},"13":{"start":{"line":30,"column":0},"end":{"line":30,"column":49}},"14":{"start":{"line":31,"column":0},"end":{"line":31,"column":56}},"15":{"start":{"line":35,"column":0},"end":{"line":35,"column":32}},"16":{"start":{"line":37,"column":0},"end":{"line":39,"column":3}},"17":{"start":{"line":38,"column":2},"end":{"line":38,"column":42}},"18":{"start":{"line":41,"column":19},"end":{"line":44,"column":1}},"19":{"start":{"line":46,"column":0},"end":{"line":46,"column":26}},"20":{"start":{"line":47,"column":0},"end":{"line":47,"column":35}},"21":{"start":{"line":49,"column":13},"end":{"line":49,"column":39}},"22":{"start":{"line":51,"column":13},"end":{"line":51,"column":37}},"23":{"start":{"line":52,"column":14},"end":{"line":52,"column":39}},"24":{"start":{"line":53,"column":15},"end":{"line":53,"column":41}},"25":{"start":{"line":54,"column":14},"end":{"line":54,"column":39}},"26":{"start":{"line":55,"column":15},"end":{"line":55,"column":41}},"27":{"start":{"line":56,"column":14},"end":{"line":56,"column":39}},"28":{"start":{"line":57,"column":15},"end":{"line":57,"column":41}},"29":{"start":{"line":58,"column":22},"end":{"line":58,"column":55}},"30":{"start":{"line":62,"column":0},"end":{"line":75,"column":3}},"31":{"start":{"line":63,"column":2},"end":{"line":74,"column":3}},"32":{"start":{"line":64,"column":4},"end":{"line":71,"column":32}},"33":{"start":{"line":66,"column":8},"end":{"line":68,"column":9}},"34":{"start":{"line":66,"column":30},"end":{"line":66,"column":64}},"35":{"start":{"line":67,"column":10},"end":{"line":67,"column":44}},"36":{"start":{"line":69,"column":8},"end":{"line":69,"column":15}},"37":{"start":{"line":71,"column":24},"end":{"line":71,"column":30}},"38":{"start":{"line":73,"column":4},"end":{"line":73,"column":11}},"39":{"start":{"line":79,"column":0},"end":{"line":79,"column":55}},"40":{"start":{"line":79,"column":32},"end":{"line":79,"column":53}},"41":{"start":{"line":82,"column":0},"end":{"line":82,"column":25}},"42":{"start":{"line":83,"column":0},"end":{"line":83,"column":27}},"43":{"start":{"line":84,"column":0},"end":{"line":84,"column":25}},"44":{"start":{"line":85,"column":0},"end":{"line":85,"column":27}},"45":{"start":{"line":86,"column":0},"end":{"line":86,"column":24}},"46":{"start":{"line":87,"column":0},"end":{"line":87,"column":25}},"47":{"start":{"line":88,"column":0},"end":{"line":88,"column":40}},"48":{"start":{"line":89,"column":0},"end":{"line":89,"column":14}},"49":{"start":{"line":91,"column":0},"end":{"line":94,"column":3}},"50":{"start":{"line":93,"column":2},"end":{"line":93,"column":50}},"51":{"start":{"line":102,"column":0},"end":{"line":102,"column":21}}},"fnMap":{"0":{"name":"(anonymous_0)","decl":{"start":{"line":37,"column":16},"end":{"line":37,"column":17}},"loc":{"start":{"line":37,"column":30},"end":{"line":39,"column":1}},"line":37},"1":{"name":"(anonymous_1)","decl":{"start":{"line":62,"column":8},"end":{"line":62,"column":9}},"loc":{"start":{"line":62,"column":34},"end":{"line":75,"column":1}},"line":62},"2":{"name":"(anonymous_2)","decl":{"start":{"line":65,"column":12},"end":{"line":65,"column":13}},"loc":{"start":{"line":65,"column":23},"end":{"line":70,"column":7}},"line":65},"3":{"name":"(anonymous_3)","decl":{"start":{"line":66,"column":23},"end":{"line":66,"column":24}},"loc":{"start":{"line":66,"column":30},"end":{"line":66,"column":64}},"line":66},"4":{"name":"(anonymous_4)","decl":{"start":{"line":71,"column":13},"end":{"line":71,"column":14}},"loc":{"start":{"line":71,"column":24},"end":{"line":71,"column":30}},"line":71},"5":{"name":"(anonymous_5)","decl":{"start":{"line":79,"column":18},"end":{"line":79,"column":19}},"loc":{"start":{"line":79,"column":32},"end":{"line":79,"column":53}},"line":79},"6":{"name":"(anonymous_6)","decl":{"start":{"line":91,"column":8},"end":{"line":91,"column":9}},"loc":{"start":{"line":91,"column":39},"end":{"line":94,"column":1}},"line":91}},"branchMap":{"0":{"loc":{"start":{"line":49,"column":13},"end":{"line":49,"column":39}},"type":"binary-expr","locations":[{"start":{"line":49,"column":13},"end":{"line":49,"column":29}},{"start":{"line":49,"column":33},"end":{"line":49,"column":39}}],"line":49},"1":{"loc":{"start":{"line":63,"column":2},"end":{"line":74,"column":3}},"type":"if","locations":[{"start":{"line":63,"column":2},"end":{"line":74,"column":3}},{"start":{"line":63,"column":2},"end":{"line":74,"column":3}}],"line":63},"2":{"loc":{"start":{"line":63,"column":6},"end":{"line":63,"column":40}},"type":"binary-expr","locations":[{"start":{"line":63,"column":6},"end":{"line":63,"column":17}},{"start":{"line":63,"column":21},"end":{"line":63,"column":40}}],"line":63},"3":{"loc":{"start":{"line":66,"column":8},"end":{"line":68,"column":9}},"type":"if","locations":[{"start":{"line":66,"column":8},"end":{"line":68,"column":9}},{"start":{"line":66,"column":8},"end":{"line":68,"column":9}}],"line":66},"4":{"loc":{"start":{"line":93,"column":13},"end":{"line":93,"column":30}},"type":"binary-expr","locations":[{"start":{"line":93,"column":13},"end":{"line":93,"column":23}},{"start":{"line":93,"column":27},"end":{"line":93,"column":30}}],"line":93}},"s":{"0":2,"1":2,"2":2,"3":2,"4":2,"5":2,"6":2,"7":2,"8":2,"9":2,"10":2,"11":2,"12":2,"13":2,"14":2,"15":2,"16":2,"17":0,"18":2,"19":2,"20":2,"21":2,"22":2,"23":2,"24":2,"25":2,"26":2,"27":2,"28":2,"29":2,"30":2,"31":2,"32":0,"33":0,"34":0,"35":0,"36":0,"37":0,"38":2,"39":2,"40":0,"41":2,"42":2,"43":2,"44":2,"45":2,"46":2,"47":2,"48":2,"49":2,"50":2,"51":2},"f":{"0":0,"1":2,"2":0,"3":0,"4":0,"5":0,"6":2},"b":{"0":[2,2],"1":[0,2],"2":[2,2],"3":[0,0],"4":[2,0]},"_coverageSchema":"1a1c01bbd47fc00a2c39e90264f33305004495a9","hash":"b9f139a40bbcf8dc94b1c6bd5cd162cdfc7c86d9"}
,"C:\\Users\\Noa\\Desktop\\Footballsystem\\Football-system\\project\\routes\\auth.js": {"path":"C:\\Users\\Noa\\Desktop\\Footballsystem\\Football-system\\project\\routes\\auth.js","statementMap":{"0":{"start":{"line":1,"column":14},"end":{"line":1,"column":32}},"1":{"start":{"line":2,"column":13},"end":{"line":2,"column":29}},"2":{"start":{"line":3,"column":16},"end":{"line":3,"column":50}},"3":{"start":{"line":4,"column":15},"end":{"line":4,"column":34}},"4":{"start":{"line":6,"column":0},"end":{"line":32,"column":3}},"5":{"start":{"line":7,"column":2},"end":{"line":31,"column":3}},"6":{"start":{"line":11,"column":18},"end":{"line":13,"column":5}},"7":{"start":{"line":14,"column":4},"end":{"line":15,"column":55}},"8":{"start":{"line":14,"column":26},"end":{"line":14,"column":58}},"9":{"start":{"line":15,"column":6},"end":{"line":15,"column":55}},"10":{"start":{"line":18,"column":24},"end":{"line":21,"column":5}},"11":{"start":{"line":22,"column":4},"end":{"line":22,"column":38}},"12":{"start":{"line":25,"column":4},"end":{"line":27,"column":137}},"13":{"start":{"line":28,"column":4},"end":{"line":28,"column":41}},"14":{"start":{"line":30,"column":4},"end":{"line":30,"column":16}},"15":{"start":{"line":34,"column":0},"end":{"line":58,"column":3}},"16":{"start":{"line":35,"column":2},"end":{"line":57,"column":3}},"17":{"start":{"line":36,"column":17},"end":{"line":40,"column":8}},"18":{"start":{"line":43,"column":4},"end":{"line":45,"column":5}},"19":{"start":{"line":44,"column":6},"end":{"line":44,"column":71}},"20":{"start":{"line":48,"column":4},"end":{"line":50,"column":5}},"21":{"start":{"line":49,"column":6},"end":{"line":49,"column":63}},"22":{"start":{"line":51,"column":4},"end":{"line":51,"column":40}},"23":{"start":{"line":52,"column":4},"end":{"line":52,"column":47}},"24":{"start":{"line":54,"column":4},"end":{"line":54,"column":44}},"25":{"start":{"line":56,"column":4},"end":{"line":56,"column":16}},"26":{"start":{"line":61,"column":0},"end":{"line":64,"column":3}},"27":{"start":{"line":62,"column":2},"end":{"line":62,"column":22}},"28":{"start":{"line":63,"column":2},"end":{"line":63,"column":59}},"29":{"start":{"line":66,"column":0},"end":{"line":66,"column":24}}},"fnMap":{"0":{"name":"(anonymous_0)","decl":{"start":{"line":6,"column":25},"end":{"line":6,"column":26}},"loc":{"start":{"line":6,"column":51},"end":{"line":32,"column":1}},"line":6},"1":{"name":"(anonymous_1)","decl":{"start":{"line":14,"column":19},"end":{"line":14,"column":20}},"loc":{"start":{"line":14,"column":26},"end":{"line":14,"column":58}},"line":14},"2":{"name":"(anonymous_2)","decl":{"start":{"line":34,"column":22},"end":{"line":34,"column":23}},"loc":{"start":{"line":34,"column":48},"end":{"line":58,"column":1}},"line":34},"3":{"name":"(anonymous_3)","decl":{"start":{"line":61,"column":23},"end":{"line":61,"column":24}},"loc":{"start":{"line":61,"column":43},"end":{"line":64,"column":1}},"line":61}},"branchMap":{"0":{"loc":{"start":{"line":14,"column":4},"end":{"line":15,"column":55}},"type":"if","locations":[{"start":{"line":14,"column":4},"end":{"line":15,"column":55}},{"start":{"line":14,"column":4},"end":{"line":15,"column":55}}],"line":14},"1":{"loc":{"start":{"line":43,"column":4},"end":{"line":45,"column":5}},"type":"if","locations":[{"start":{"line":43,"column":4},"end":{"line":45,"column":5}},{"start":{"line":43,"column":4},"end":{"line":45,"column":5}}],"line":43},"2":{"loc":{"start":{"line":43,"column":8},"end":{"line":43,"column":70}},"type":"binary-expr","locations":[{"start":{"line":43,"column":8},"end":{"line":43,"column":13}},{"start":{"line":43,"column":17},"end":{"line":43,"column":70}}],"line":43},"3":{"loc":{"start":{"line":48,"column":4},"end":{"line":50,"column":5}},"type":"if","locations":[{"start":{"line":48,"column":4},"end":{"line":50,"column":5}},{"start":{"line":48,"column":4},"end":{"line":50,"column":5}}],"line":48},"4":{"loc":{"start":{"line":48,"column":8},"end":{"line":48,"column":83}},"type":"binary-expr","locations":[{"start":{"line":48,"column":8},"end":{"line":48,"column":19}},{"start":{"line":48,"column":23},"end":{"line":48,"column":42}},{"start":{"line":48,"column":46},"end":{"line":48,"column":83}}],"line":48}},"s":{"0":2,"1":2,"2":2,"3":2,"4":2,"5":2,"6":2,"7":2,"8":2,"9":2,"10":0,"11":0,"12":0,"13":0,"14":2,"15":2,"16":0,"17":0,"18":0,"19":0,"20":0,"21":0,"22":0,"23":0,"24":0,"25":0,"26":2,"27":0,"28":0,"29":2},"f":{"0":2,"1":2,"2":0,"3":0},"b":{"0":[2,0],"1":[0,0],"2":[0,0],"3":[0,0],"4":[0,0,0]},"_coverageSchema":"1a1c01bbd47fc00a2c39e90264f33305004495a9","hash":"a006bcd23c5ea7bac64f9df957055d19d61dc490"}
,"C:\\Users\\Noa\\Desktop\\Footballsystem\\Football-system\\project\\routes\\coach.js": {"path":"C:\\Users\\Noa\\Desktop\\Footballsystem\\Football-system\\project\\routes\\coach.js","statementMap":{"0":{"start":{"line":1,"column":14},"end":{"line":1,"column":32}},"1":{"start":{"line":2,"column":13},"end":{"line":2,"column":29}},"2":{"start":{"line":3,"column":20},"end":{"line":3,"column":50}},"3":{"start":{"line":4,"column":20},"end":{"line":4,"column":50}},"4":{"start":{"line":6,"column":0},"end":{"line":22,"column":2}},"5":{"start":{"line":7,"column":4},"end":{"line":21,"column":5}},"6":{"start":{"line":8,"column":23},"end":{"line":8,"column":42}},"7":{"start":{"line":9,"column":8},"end":{"line":11,"column":9}},"8":{"start":{"line":10,"column":12},"end":{"line":10,"column":60}},"9":{"start":{"line":12,"column":26},"end":{"line":12,"column":66}},"10":{"start":{"line":13,"column":8},"end":{"line":15,"column":9}},"11":{"start":{"line":14,"column":12},"end":{"line":14,"column":61}},"12":{"start":{"line":16,"column":8},"end":{"line":16,"column":40}},"13":{"start":{"line":20,"column":8},"end":{"line":20,"column":20}},"14":{"start":{"line":24,"column":0},"end":{"line":24,"column":24}}},"fnMap":{"0":{"name":"(anonymous_0)","decl":{"start":{"line":6,"column":36},"end":{"line":6,"column":37}},"loc":{"start":{"line":6,"column":60},"end":{"line":22,"column":1}},"line":6}},"branchMap":{"0":{"loc":{"start":{"line":9,"column":8},"end":{"line":11,"column":9}},"type":"if","locations":[{"start":{"line":9,"column":8},"end":{"line":11,"column":9}},{"start":{"line":9,"column":8},"end":{"line":11,"column":9}}],"line":9},"1":{"loc":{"start":{"line":13,"column":8},"end":{"line":15,"column":9}},"type":"if","locations":[{"start":{"line":13,"column":8},"end":{"line":15,"column":9}},{"start":{"line":13,"column":8},"end":{"line":15,"column":9}}],"line":13}},"s":{"0":2,"1":2,"2":2,"3":2,"4":2,"5":0,"6":0,"7":0,"8":0,"9":0,"10":0,"11":0,"12":0,"13":0,"14":2},"f":{"0":0},"b":{"0":[0,0],"1":[0,0]},"_coverageSchema":"1a1c01bbd47fc00a2c39e90264f33305004495a9","hash":"a56aad5851cf3fac8d982a6db45f9e1ce92c1b78"}
,"C:\\Users\\Noa\\Desktop\\Footballsystem\\Football-system\\project\\routes\\current_stage.js": {"path":"C:\\Users\\Noa\\Desktop\\Footballsystem\\Football-system\\project\\routes\\current_stage.js","statementMap":{"0":{"start":{"line":1,"column":14},"end":{"line":1,"column":32}},"1":{"start":{"line":2,"column":13},"end":{"line":2,"column":29}},"2":{"start":{"line":3,"column":16},"end":{"line":3,"column":42}},"3":{"start":{"line":4,"column":28},"end":{"line":4,"column":66}},"4":{"start":{"line":7,"column":0},"end":{"line":17,"column":2}},"5":{"start":{"line":8,"column":4},"end":{"line":16,"column":1}},"6":{"start":{"line":9,"column":22},"end":{"line":9,"column":58}},"7":{"start":{"line":10,"column":8},"end":{"line":12,"column":9}},"8":{"start":{"line":11,"column":12},"end":{"line":11,"column":71}},"9":{"start":{"line":13,"column":8},"end":{"line":13,"column":35}},"10":{"start":{"line":15,"column":4},"end":{"line":15,"column":16}},"11":{"start":{"line":19,"column":0},"end":{"line":19,"column":24}}},"fnMap":{"0":{"name":"(anonymous_0)","decl":{"start":{"line":7,"column":28},"end":{"line":7,"column":29}},"loc":{"start":{"line":7,"column":50},"end":{"line":17,"column":1}},"line":7}},"branchMap":{"0":{"loc":{"start":{"line":10,"column":8},"end":{"line":12,"column":9}},"type":"if","locations":[{"start":{"line":10,"column":8},"end":{"line":12,"column":9}},{"start":{"line":10,"column":8},"end":{"line":12,"column":9}}],"line":10},"1":{"loc":{"start":{"line":10,"column":12},"end":{"line":10,"column":78}},"type":"binary-expr","locations":[{"start":{"line":10,"column":12},"end":{"line":10,"column":44}},{"start":{"line":10,"column":48},"end":{"line":10,"column":78}}],"line":10}},"s":{"0":2,"1":2,"2":2,"3":2,"4":2,"5":0,"6":0,"7":0,"8":0,"9":0,"10":0,"11":2},"f":{"0":0},"b":{"0":[0,0],"1":[0,0]},"_coverageSchema":"1a1c01bbd47fc00a2c39e90264f33305004495a9","hash":"db8bf5d377f18ef1a9535a391a3012094eeba90c"}
,"C:\\Users\\Noa\\Desktop\\Footballsystem\\Football-system\\project\\routes\\league.js": {"path":"C:\\Users\\Noa\\Desktop\\Footballsystem\\Football-system\\project\\routes\\league.js","statementMap":{"0":{"start":{"line":1,"column":14},"end":{"line":1,"column":32}},"1":{"start":{"line":2,"column":13},"end":{"line":2,"column":29}},"2":{"start":{"line":3,"column":21},"end":{"line":3,"column":52}},"3":{"start":{"line":5,"column":0},"end":{"line":12,"column":3}},"4":{"start":{"line":6,"column":2},"end":{"line":11,"column":3}},"5":{"start":{"line":7,"column":25},"end":{"line":7,"column":62}},"6":{"start":{"line":8,"column":4},"end":{"line":8,"column":29}},"7":{"start":{"line":10,"column":4},"end":{"line":10,"column":16}},"8":{"start":{"line":14,"column":0},"end":{"line":14,"column":24}}},"fnMap":{"0":{"name":"(anonymous_0)","decl":{"start":{"line":5,"column":26},"end":{"line":5,"column":27}},"loc":{"start":{"line":5,"column":52},"end":{"line":12,"column":1}},"line":5}},"branchMap":{},"s":{"0":2,"1":2,"2":2,"3":2,"4":0,"5":0,"6":0,"7":0,"8":2},"f":{"0":0},"b":{},"_coverageSchema":"1a1c01bbd47fc00a2c39e90264f33305004495a9","hash":"49084930c9433141ccab4f63e2826b35c596e1b3"}
,"C:\\Users\\Noa\\Desktop\\Footballsystem\\Football-system\\project\\routes\\player.js": {"path":"C:\\Users\\Noa\\Desktop\\Footballsystem\\Football-system\\project\\routes\\player.js","statementMap":{"0":{"start":{"line":1,"column":14},"end":{"line":1,"column":32}},"1":{"start":{"line":2,"column":13},"end":{"line":2,"column":29}},"2":{"start":{"line":3,"column":22},"end":{"line":3,"column":54}},"3":{"start":{"line":5,"column":0},"end":{"line":20,"column":2}},"4":{"start":{"line":6,"column":4},"end":{"line":19,"column":5}},"5":{"start":{"line":7,"column":24},"end":{"line":7,"column":44}},"6":{"start":{"line":8,"column":8},"end":{"line":10,"column":9}},"7":{"start":{"line":9,"column":12},"end":{"line":9,"column":61}},"8":{"start":{"line":11,"column":27},"end":{"line":11,"column":71}},"9":{"start":{"line":12,"column":8},"end":{"line":14,"column":9}},"10":{"start":{"line":13,"column":12},"end":{"line":13,"column":62}},"11":{"start":{"line":15,"column":8},"end":{"line":15,"column":41}},"12":{"start":{"line":18,"column":8},"end":{"line":18,"column":20}},"13":{"start":{"line":24,"column":0},"end":{"line":24,"column":24}}},"fnMap":{"0":{"name":"(anonymous_0)","decl":{"start":{"line":5,"column":38},"end":{"line":5,"column":39}},"loc":{"start":{"line":5,"column":62},"end":{"line":20,"column":1}},"line":5}},"branchMap":{"0":{"loc":{"start":{"line":8,"column":8},"end":{"line":10,"column":9}},"type":"if","locations":[{"start":{"line":8,"column":8},"end":{"line":10,"column":9}},{"start":{"line":8,"column":8},"end":{"line":10,"column":9}}],"line":8},"1":{"loc":{"start":{"line":12,"column":8},"end":{"line":14,"column":9}},"type":"if","locations":[{"start":{"line":12,"column":8},"end":{"line":14,"column":9}},{"start":{"line":12,"column":8},"end":{"line":14,"column":9}}],"line":12}},"s":{"0":2,"1":2,"2":2,"3":2,"4":0,"5":0,"6":0,"7":0,"8":0,"9":0,"10":0,"11":0,"12":0,"13":2},"f":{"0":0},"b":{"0":[0,0],"1":[0,0]},"_coverageSchema":"1a1c01bbd47fc00a2c39e90264f33305004495a9","hash":"e4388185af33d73b699cfb79481fe68a6749b674"}
,"C:\\Users\\Noa\\Desktop\\Footballsystem\\Football-system\\project\\routes\\representive.js": {"path":"C:\\Users\\Noa\\Desktop\\Footballsystem\\Football-system\\project\\routes\\representive.js","statementMap":{"0":{"start":{"line":1,"column":14},"end":{"line":1,"column":32}},"1":{"start":{"line":2,"column":13},"end":{"line":2,"column":29}},"2":{"start":{"line":3,"column":16},"end":{"line":3,"column":42}},"3":{"start":{"line":5,"column":20},"end":{"line":5,"column":50}},"4":{"start":{"line":6,"column":22},"end":{"line":6,"column":54}},"5":{"start":{"line":7,"column":20},"end":{"line":7,"column":50}},"6":{"start":{"line":8,"column":27},"end":{"line":8,"column":64}},"7":{"start":{"line":9,"column":14},"end":{"line":9,"column":32}},"8":{"start":{"line":13,"column":0},"end":{"line":19,"column":3}},"9":{"start":{"line":14,"column":4},"end":{"line":18,"column":5}},"10":{"start":{"line":15,"column":8},"end":{"line":15,"column":14}},"11":{"start":{"line":17,"column":8},"end":{"line":17,"column":28}},"12":{"start":{"line":21,"column":0},"end":{"line":33,"column":2}},"13":{"start":{"line":22,"column":4},"end":{"line":30,"column":5}},"14":{"start":{"line":23,"column":8},"end":{"line":25,"column":9}},"15":{"start":{"line":24,"column":12},"end":{"line":24,"column":77}},"16":{"start":{"line":26,"column":8},"end":{"line":26,"column":54}},"17":{"start":{"line":27,"column":8},"end":{"line":27,"column":40}},"18":{"start":{"line":29,"column":8},"end":{"line":29,"column":20}},"19":{"start":{"line":35,"column":0},"end":{"line":42,"column":2}},"20":{"start":{"line":36,"column":4},"end":{"line":41,"column":5}},"21":{"start":{"line":37,"column":8},"end":{"line":37,"column":73}},"22":{"start":{"line":38,"column":8},"end":{"line":38,"column":40}},"23":{"start":{"line":40,"column":8},"end":{"line":40,"column":20}},"24":{"start":{"line":44,"column":0},"end":{"line":55,"column":2}},"25":{"start":{"line":45,"column":4},"end":{"line":54,"column":5}},"26":{"start":{"line":46,"column":23},"end":{"line":46,"column":38}},"27":{"start":{"line":47,"column":8},"end":{"line":49,"column":9}},"28":{"start":{"line":48,"column":12},"end":{"line":48,"column":72}},"29":{"start":{"line":50,"column":8},"end":{"line":50,"column":63}},"30":{"start":{"line":51,"column":8},"end":{"line":51,"column":57}},"31":{"start":{"line":53,"column":8},"end":{"line":53,"column":20}},"32":{"start":{"line":57,"column":0},"end":{"line":67,"column":2}},"33":{"start":{"line":58,"column":4},"end":{"line":66,"column":5}},"34":{"start":{"line":59,"column":22},"end":{"line":59,"column":60}},"35":{"start":{"line":60,"column":8},"end":{"line":62,"column":9}},"36":{"start":{"line":61,"column":12},"end":{"line":61,"column":67}},"37":{"start":{"line":63,"column":8},"end":{"line":63,"column":35}},"38":{"start":{"line":65,"column":8},"end":{"line":65,"column":20}},"39":{"start":{"line":69,"column":0},"end":{"line":79,"column":2}},"40":{"start":{"line":70,"column":4},"end":{"line":78,"column":5}},"41":{"start":{"line":71,"column":25},"end":{"line":71,"column":63}},"42":{"start":{"line":72,"column":8},"end":{"line":74,"column":9}},"43":{"start":{"line":73,"column":12},"end":{"line":73,"column":69}},"44":{"start":{"line":75,"column":8},"end":{"line":75,"column":38}},"45":{"start":{"line":77,"column":8},"end":{"line":77,"column":20}},"46":{"start":{"line":81,"column":0},"end":{"line":84,"column":2}},"47":{"start":{"line":82,"column":4},"end":{"line":82,"column":123}},"48":{"start":{"line":83,"column":4},"end":{"line":83,"column":35}},"49":{"start":{"line":88,"column":0},"end":{"line":88,"column":24}}},"fnMap":{"0":{"name":"(anonymous_0)","decl":{"start":{"line":13,"column":11},"end":{"line":13,"column":12}},"loc":{"start":{"line":13,"column":43},"end":{"line":19,"column":1}},"line":13},"1":{"name":"(anonymous_1)","decl":{"start":{"line":21,"column":23},"end":{"line":21,"column":24}},"loc":{"start":{"line":21,"column":48},"end":{"line":33,"column":1}},"line":21},"2":{"name":"(anonymous_2)","decl":{"start":{"line":35,"column":24},"end":{"line":35,"column":25}},"loc":{"start":{"line":35,"column":49},"end":{"line":42,"column":1}},"line":35},"3":{"name":"(anonymous_3)","decl":{"start":{"line":44,"column":30},"end":{"line":44,"column":31}},"loc":{"start":{"line":44,"column":54},"end":{"line":55,"column":1}},"line":44},"4":{"name":"(anonymous_4)","decl":{"start":{"line":57,"column":27},"end":{"line":57,"column":28}},"loc":{"start":{"line":57,"column":51},"end":{"line":67,"column":1}},"line":57},"5":{"name":"(anonymous_5)","decl":{"start":{"line":69,"column":30},"end":{"line":69,"column":31}},"loc":{"start":{"line":69,"column":55},"end":{"line":79,"column":1}},"line":69},"6":{"name":"(anonymous_6)","decl":{"start":{"line":81,"column":34},"end":{"line":81,"column":35}},"loc":{"start":{"line":81,"column":58},"end":{"line":84,"column":1}},"line":81}},"branchMap":{"0":{"loc":{"start":{"line":14,"column":4},"end":{"line":18,"column":5}},"type":"if","locations":[{"start":{"line":14,"column":4},"end":{"line":18,"column":5}},{"start":{"line":14,"column":4},"end":{"line":18,"column":5}}],"line":14},"1":{"loc":{"start":{"line":14,"column":8},"end":{"line":14,"column":56}},"type":"binary-expr","locations":[{"start":{"line":14,"column":8},"end":{"line":14,"column":19}},{"start":{"line":14,"column":23},"end":{"line":14,"column":56}}],"line":14},"2":{"loc":{"start":{"line":23,"column":8},"end":{"line":25,"column":9}},"type":"if","locations":[{"start":{"line":23,"column":8},"end":{"line":25,"column":9}},{"start":{"line":23,"column":8},"end":{"line":25,"column":9}}],"line":23},"3":{"loc":{"start":{"line":47,"column":8},"end":{"line":49,"column":9}},"type":"if","locations":[{"start":{"line":47,"column":8},"end":{"line":49,"column":9}},{"start":{"line":47,"column":8},"end":{"line":49,"column":9}}],"line":47},"4":{"loc":{"start":{"line":60,"column":8},"end":{"line":62,"column":9}},"type":"if","locations":[{"start":{"line":60,"column":8},"end":{"line":62,"column":9}},{"start":{"line":60,"column":8},"end":{"line":62,"column":9}}],"line":60},"5":{"loc":{"start":{"line":72,"column":8},"end":{"line":74,"column":9}},"type":"if","locations":[{"start":{"line":72,"column":8},"end":{"line":74,"column":9}},{"start":{"line":72,"column":8},"end":{"line":74,"column":9}}],"line":72}},"s":{"0":2,"1":2,"2":2,"3":2,"4":2,"5":2,"6":2,"7":2,"8":2,"9":0,"10":0,"11":0,"12":2,"13":0,"14":0,"15":0,"16":0,"17":0,"18":0,"19":2,"20":0,"21":0,"22":0,"23":0,"24":2,"25":0,"26":0,"27":0,"28":0,"29":0,"30":0,"31":0,"32":2,"33":0,"34":0,"35":0,"36":0,"37":0,"38":0,"39":2,"40":0,"41":0,"42":0,"43":0,"44":0,"45":0,"46":2,"47":0,"48":0,"49":2},"f":{"0":0,"1":0,"2":0,"3":0,"4":0,"5":0,"6":0},"b":{"0":[0,0],"1":[0,0],"2":[0,0],"3":[0,0],"4":[0,0],"5":[0,0]},"_coverageSchema":"1a1c01bbd47fc00a2c39e90264f33305004495a9","hash":"a837321a77cd0e5d6add69a22664336c174b8740"}
,"C:\\Users\\Noa\\Desktop\\Footballsystem\\Football-system\\project\\routes\\search.js": {"path":"C:\\Users\\Noa\\Desktop\\Footballsystem\\Football-system\\project\\routes\\search.js","statementMap":{"0":{"start":{"line":1,"column":22},"end":{"line":1,"column":54}},"1":{"start":{"line":2,"column":20},"end":{"line":2,"column":50}},"2":{"start":{"line":3,"column":20},"end":{"line":3,"column":50}},"3":{"start":{"line":4,"column":16},"end":{"line":4,"column":42}},"4":{"start":{"line":5,"column":14},"end":{"line":5,"column":32}},"5":{"start":{"line":6,"column":13},"end":{"line":6,"column":29}},"6":{"start":{"line":9,"column":0},"end":{"line":31,"column":2}},"7":{"start":{"line":10,"column":4},"end":{"line":30,"column":5}},"8":{"start":{"line":11,"column":22},"end":{"line":11,"column":74}},"9":{"start":{"line":12,"column":20},"end":{"line":12,"column":69}},"10":{"start":{"line":13,"column":20},"end":{"line":13,"column":69}},"11":{"start":{"line":14,"column":8},"end":{"line":16,"column":9}},"12":{"start":{"line":15,"column":12},"end":{"line":15,"column":61}},"13":{"start":{"line":17,"column":27},"end":{"line":21,"column":9}},"14":{"start":{"line":22,"column":8},"end":{"line":25,"column":9}},"15":{"start":{"line":23,"column":12},"end":{"line":23,"column":106}},"16":{"start":{"line":24,"column":12},"end":{"line":24,"column":52}},"17":{"start":{"line":26,"column":8},"end":{"line":26,"column":41}},"18":{"start":{"line":29,"column":8},"end":{"line":29,"column":19}},"19":{"start":{"line":33,"column":0},"end":{"line":54,"column":2}},"20":{"start":{"line":34,"column":4},"end":{"line":53,"column":5}},"21":{"start":{"line":35,"column":22},"end":{"line":35,"column":74}},"22":{"start":{"line":36,"column":20},"end":{"line":36,"column":53}},"23":{"start":{"line":37,"column":8},"end":{"line":39,"column":9}},"24":{"start":{"line":38,"column":12},"end":{"line":38,"column":25}},"25":{"start":{"line":40,"column":23},"end":{"line":40,"column":50}},"26":{"start":{"line":41,"column":8},"end":{"line":43,"column":10}},"27":{"start":{"line":42,"column":12},"end":{"line":42,"column":47}},"28":{"start":{"line":44,"column":8},"end":{"line":45,"column":61}},"29":{"start":{"line":45,"column":12},"end":{"line":45,"column":61}},"30":{"start":{"line":46,"column":8},"end":{"line":49,"column":9}},"31":{"start":{"line":47,"column":12},"end":{"line":47,"column":116}},"32":{"start":{"line":48,"column":12},"end":{"line":48,"column":49}},"33":{"start":{"line":50,"column":8},"end":{"line":50,"column":38}},"34":{"start":{"line":52,"column":8},"end":{"line":52,"column":19}},"35":{"start":{"line":56,"column":0},"end":{"line":77,"column":2}},"36":{"start":{"line":57,"column":4},"end":{"line":76,"column":5}},"37":{"start":{"line":58,"column":22},"end":{"line":58,"column":74}},"38":{"start":{"line":59,"column":22},"end":{"line":59,"column":71}},"39":{"start":{"line":60,"column":8},"end":{"line":62,"column":10}},"40":{"start":{"line":61,"column":12},"end":{"line":61,"column":55}},"41":{"start":{"line":63,"column":8},"end":{"line":65,"column":10}},"42":{"start":{"line":64,"column":12},"end":{"line":64,"column":54}},"43":{"start":{"line":66,"column":8},"end":{"line":66,"column":28}},"44":{"start":{"line":67,"column":8},"end":{"line":68,"column":61}},"45":{"start":{"line":68,"column":12},"end":{"line":68,"column":61}},"46":{"start":{"line":69,"column":8},"end":{"line":72,"column":9}},"47":{"start":{"line":70,"column":12},"end":{"line":70,"column":112}},"48":{"start":{"line":71,"column":12},"end":{"line":71,"column":78}},"49":{"start":{"line":73,"column":8},"end":{"line":73,"column":67}},"50":{"start":{"line":75,"column":8},"end":{"line":75,"column":19}},"51":{"start":{"line":80,"column":0},"end":{"line":80,"column":24}}},"fnMap":{"0":{"name":"(anonymous_0)","decl":{"start":{"line":9,"column":34},"end":{"line":9,"column":35}},"loc":{"start":{"line":9,"column":58},"end":{"line":31,"column":1}},"line":9},"1":{"name":"(anonymous_1)","decl":{"start":{"line":33,"column":44},"end":{"line":33,"column":45}},"loc":{"start":{"line":33,"column":68},"end":{"line":54,"column":1}},"line":33},"2":{"name":"(anonymous_2)","decl":{"start":{"line":41,"column":33},"end":{"line":41,"column":34}},"loc":{"start":{"line":41,"column":43},"end":{"line":43,"column":9}},"line":41},"3":{"name":"(anonymous_3)","decl":{"start":{"line":56,"column":41},"end":{"line":56,"column":42}},"loc":{"start":{"line":56,"column":65},"end":{"line":77,"column":1}},"line":56},"4":{"name":"(anonymous_4)","decl":{"start":{"line":60,"column":33},"end":{"line":60,"column":34}},"loc":{"start":{"line":60,"column":43},"end":{"line":62,"column":9}},"line":60},"5":{"name":"(anonymous_5)","decl":{"start":{"line":63,"column":33},"end":{"line":63,"column":34}},"loc":{"start":{"line":63,"column":42},"end":{"line":65,"column":9}},"line":63}},"branchMap":{"0":{"loc":{"start":{"line":14,"column":8},"end":{"line":16,"column":9}},"type":"if","locations":[{"start":{"line":14,"column":8},"end":{"line":16,"column":9}},{"start":{"line":14,"column":8},"end":{"line":16,"column":9}}],"line":14},"1":{"loc":{"start":{"line":14,"column":12},"end":{"line":14,"column":76}},"type":"binary-expr","locations":[{"start":{"line":14,"column":12},"end":{"line":14,"column":32}},{"start":{"line":14,"column":36},"end":{"line":14,"column":54}},{"start":{"line":14,"column":58},"end":{"line":14,"column":76}}],"line":14},"2":{"loc":{"start":{"line":22,"column":8},"end":{"line":25,"column":9}},"type":"if","locations":[{"start":{"line":22,"column":8},"end":{"line":25,"column":9}},{"start":{"line":22,"column":8},"end":{"line":25,"column":9}}],"line":22},"3":{"loc":{"start":{"line":22,"column":12},"end":{"line":22,"column":46}},"type":"binary-expr","locations":[{"start":{"line":22,"column":12},"end":{"line":22,"column":23}},{"start":{"line":22,"column":27},"end":{"line":22,"column":46}}],"line":22},"4":{"loc":{"start":{"line":37,"column":8},"end":{"line":39,"column":9}},"type":"if","locations":[{"start":{"line":37,"column":8},"end":{"line":39,"column":9}},{"start":{"line":37,"column":8},"end":{"line":39,"column":9}}],"line":37},"5":{"loc":{"start":{"line":44,"column":8},"end":{"line":45,"column":61}},"type":"if","locations":[{"start":{"line":44,"column":8},"end":{"line":45,"column":61}},{"start":{"line":44,"column":8},"end":{"line":45,"column":61}}],"line":44},"6":{"loc":{"start":{"line":46,"column":8},"end":{"line":49,"column":9}},"type":"if","locations":[{"start":{"line":46,"column":8},"end":{"line":49,"column":9}},{"start":{"line":46,"column":8},"end":{"line":49,"column":9}}],"line":46},"7":{"loc":{"start":{"line":46,"column":12},"end":{"line":46,"column":46}},"type":"binary-expr","locations":[{"start":{"line":46,"column":12},"end":{"line":46,"column":23}},{"start":{"line":46,"column":27},"end":{"line":46,"column":46}}],"line":46},"8":{"loc":{"start":{"line":67,"column":8},"end":{"line":68,"column":61}},"type":"if","locations":[{"start":{"line":67,"column":8},"end":{"line":68,"column":61}},{"start":{"line":67,"column":8},"end":{"line":68,"column":61}}],"line":67},"9":{"loc":{"start":{"line":67,"column":12},"end":{"line":67,"column":56}},"type":"binary-expr","locations":[{"start":{"line":67,"column":12},"end":{"line":67,"column":32}},{"start":{"line":67,"column":36},"end":{"line":67,"column":56}}],"line":67},"10":{"loc":{"start":{"line":69,"column":8},"end":{"line":72,"column":9}},"type":"if","locations":[{"start":{"line":69,"column":8},"end":{"line":72,"column":9}},{"start":{"line":69,"column":8},"end":{"line":72,"column":9}}],"line":69},"11":{"loc":{"start":{"line":69,"column":12},"end":{"line":69,"column":46}},"type":"binary-expr","locations":[{"start":{"line":69,"column":12},"end":{"line":69,"column":23}},{"start":{"line":69,"column":27},"end":{"line":69,"column":46}}],"line":69}},"s":{"0":2,"1":2,"2":2,"3":2,"4":2,"5":2,"6":2,"7":0,"8":0,"9":0,"10":0,"11":0,"12":0,"13":0,"14":0,"15":0,"16":0,"17":0,"18":0,"19":2,"20":0,"21":0,"22":0,"23":0,"24":0,"25":0,"26":0,"27":0,"28":0,"29":0,"30":0,"31":0,"32":0,"33":0,"34":0,"35":2,"36":0,"37":0,"38":0,"39":0,"40":0,"41":0,"42":0,"43":0,"44":0,"45":0,"46":0,"47":0,"48":0,"49":0,"50":0,"51":2},"f":{"0":0,"1":0,"2":0,"3":0,"4":0,"5":0},"b":{"0":[0,0],"1":[0,0,0],"2":[0,0],"3":[0,0],"4":[0,0],"5":[0,0],"6":[0,0],"7":[0,0],"8":[0,0],"9":[0,0],"10":[0,0],"11":[0,0]},"_coverageSchema":"1a1c01bbd47fc00a2c39e90264f33305004495a9","hash":"29318a5b309d00d97612311cafb3185d26b530d8"}
,"C:\\Users\\Noa\\Desktop\\Footballsystem\\Football-system\\project\\routes\\teams.js": {"path":"C:\\Users\\Noa\\Desktop\\Footballsystem\\Football-system\\project\\routes\\teams.js","statementMap":{"0":{"start":{"line":1,"column":14},"end":{"line":1,"column":32}},"1":{"start":{"line":2,"column":13},"end":{"line":2,"column":29}},"2":{"start":{"line":3,"column":16},"end":{"line":3,"column":42}},"3":{"start":{"line":4,"column":22},"end":{"line":4,"column":54}},"4":{"start":{"line":5,"column":20},"end":{"line":5,"column":50}},"5":{"start":{"line":7,"column":0},"end":{"line":32,"column":3}},"6":{"start":{"line":8,"column":2},"end":{"line":31,"column":3}},"7":{"start":{"line":9,"column":15},"end":{"line":9,"column":32}},"8":{"start":{"line":10,"column":27},"end":{"line":12,"column":5}},"9":{"start":{"line":13,"column":4},"end":{"line":15,"column":5}},"10":{"start":{"line":14,"column":8},"end":{"line":14,"column":55}},"11":{"start":{"line":17,"column":26},"end":{"line":19,"column":5}},"12":{"start":{"line":20,"column":26},"end":{"line":20,"column":50}},"13":{"start":{"line":21,"column":19},"end":{"line":26,"column":5}},"14":{"start":{"line":28,"column":4},"end":{"line":28,"column":21}},"15":{"start":{"line":30,"column":4},"end":{"line":30,"column":16}},"16":{"start":{"line":36,"column":21},"end":{"line":38,"column":3}},"17":{"start":{"line":39,"column":16},"end":{"line":39,"column":18}},"18":{"start":{"line":40,"column":2},"end":{"line":46,"column":3}},"19":{"start":{"line":40,"column":15},"end":{"line":40,"column":16}},"20":{"start":{"line":41,"column":14},"end":{"line":41,"column":35}},"21":{"start":{"line":42,"column":17},"end":{"line":44,"column":5}},"22":{"start":{"line":45,"column":4},"end":{"line":45,"column":54}},"23":{"start":{"line":47,"column":23},"end":{"line":49,"column":3}},"24":{"start":{"line":51,"column":2},"end":{"line":54,"column":3}},"25":{"start":{"line":57,"column":0},"end":{"line":57,"column":24}}},"fnMap":{"0":{"name":"(anonymous_0)","decl":{"start":{"line":7,"column":39},"end":{"line":7,"column":40}},"loc":{"start":{"line":7,"column":65},"end":{"line":32,"column":1}},"line":7},"1":{"name":"get_team_games","decl":{"start":{"line":35,"column":15},"end":{"line":35,"column":29}},"loc":{"start":{"line":35,"column":39},"end":{"line":55,"column":1}},"line":35}},"branchMap":{"0":{"loc":{"start":{"line":13,"column":4},"end":{"line":15,"column":5}},"type":"if","locations":[{"start":{"line":13,"column":4},"end":{"line":15,"column":5}},{"start":{"line":13,"column":4},"end":{"line":15,"column":5}}],"line":13}},"s":{"0":2,"1":2,"2":2,"3":2,"4":2,"5":2,"6":0,"7":0,"8":0,"9":0,"10":0,"11":0,"12":0,"13":0,"14":0,"15":0,"16":0,"17":0,"18":0,"19":0,"20":0,"21":0,"22":0,"23":0,"24":0,"25":2},"f":{"0":0,"1":0},"b":{"0":[0,0]},"_coverageSchema":"1a1c01bbd47fc00a2c39e90264f33305004495a9","hash":"d232bab2f7398f92bf107f333b0d61af8d181674"}
,"C:\\Users\\Noa\\Desktop\\Footballsystem\\Football-system\\project\\routes\\users.js": {"path":"C:\\Users\\Noa\\Desktop\\Footballsystem\\Football-system\\project\\routes\\users.js","statementMap":{"0":{"start":{"line":1,"column":14},"end":{"line":1,"column":32}},"1":{"start":{"line":2,"column":13},"end":{"line":2,"column":29}},"2":{"start":{"line":3,"column":16},"end":{"line":3,"column":42}},"3":{"start":{"line":4,"column":20},"end":{"line":4,"column":50}},"4":{"start":{"line":5,"column":22},"end":{"line":5,"column":54}},"5":{"start":{"line":6,"column":20},"end":{"line":6,"column":50}},"6":{"start":{"line":7,"column":20},"end":{"line":7,"column":45}},"7":{"start":{"line":11,"column":0},"end":{"line":24,"column":3}},"8":{"start":{"line":12,"column":2},"end":{"line":23,"column":3}},"9":{"start":{"line":13,"column":4},"end":{"line":20,"column":33}},"10":{"start":{"line":15,"column":8},"end":{"line":18,"column":9}},"11":{"start":{"line":15,"column":30},"end":{"line":15,"column":64}},"12":{"start":{"line":16,"column":10},"end":{"line":16,"column":44}},"13":{"start":{"line":17,"column":10},"end":{"line":17,"column":17}},"14":{"start":{"line":20,"column":22},"end":{"line":20,"column":31}},"15":{"start":{"line":22,"column":4},"end":{"line":22,"column":24}},"16":{"start":{"line":30,"column":0},"end":{"line":44,"column":3}},"17":{"start":{"line":31,"column":2},"end":{"line":43,"column":3}},"18":{"start":{"line":32,"column":20},"end":{"line":32,"column":39}},"19":{"start":{"line":33,"column":19},"end":{"line":33,"column":76}},"20":{"start":{"line":34,"column":4},"end":{"line":36,"column":5}},"21":{"start":{"line":35,"column":6},"end":{"line":35,"column":70}},"22":{"start":{"line":37,"column":4},"end":{"line":39,"column":5}},"23":{"start":{"line":38,"column":6},"end":{"line":38,"column":61}},"24":{"start":{"line":40,"column":4},"end":{"line":40,"column":36}},"25":{"start":{"line":42,"column":4},"end":{"line":42,"column":16}},"26":{"start":{"line":46,"column":0},"end":{"line":58,"column":3}},"27":{"start":{"line":47,"column":2},"end":{"line":57,"column":3}},"28":{"start":{"line":48,"column":20},"end":{"line":48,"column":39}},"29":{"start":{"line":49,"column":22},"end":{"line":49,"column":39}},"30":{"start":{"line":50,"column":16},"end":{"line":50,"column":74}},"31":{"start":{"line":51,"column":4},"end":{"line":53,"column":5}},"32":{"start":{"line":52,"column":6},"end":{"line":52,"column":67}},"33":{"start":{"line":54,"column":4},"end":{"line":54,"column":70}},"34":{"start":{"line":56,"column":4},"end":{"line":56,"column":16}},"35":{"start":{"line":63,"column":0},"end":{"line":75,"column":3}},"36":{"start":{"line":64,"column":2},"end":{"line":74,"column":3}},"37":{"start":{"line":65,"column":20},"end":{"line":65,"column":39}},"38":{"start":{"line":66,"column":27},"end":{"line":66,"column":29}},"39":{"start":{"line":67,"column":23},"end":{"line":67,"column":68}},"40":{"start":{"line":68,"column":27},"end":{"line":68,"column":29}},"41":{"start":{"line":69,"column":4},"end":{"line":69,"column":74}},"42":{"start":{"line":69,"column":32},"end":{"line":69,"column":72}},"43":{"start":{"line":70,"column":20},"end":{"line":70,"column":72}},"44":{"start":{"line":71,"column":4},"end":{"line":71,"column":34}},"45":{"start":{"line":73,"column":4},"end":{"line":73,"column":16}},"46":{"start":{"line":77,"column":0},"end":{"line":89,"column":3}},"47":{"start":{"line":78,"column":2},"end":{"line":88,"column":3}},"48":{"start":{"line":79,"column":20},"end":{"line":79,"column":39}},"49":{"start":{"line":80,"column":26},"end":{"line":80,"column":69}},"50":{"start":{"line":81,"column":4},"end":{"line":81,"column":32}},"51":{"start":{"line":82,"column":4},"end":{"line":84,"column":5}},"52":{"start":{"line":83,"column":6},"end":{"line":83,"column":55}},"53":{"start":{"line":85,"column":4},"end":{"line":85,"column":42}},"54":{"start":{"line":87,"column":4},"end":{"line":87,"column":16}},"55":{"start":{"line":90,"column":0},"end":{"line":90,"column":40}},"56":{"start":{"line":91,"column":0},"end":{"line":91,"column":24}}},"fnMap":{"0":{"name":"(anonymous_0)","decl":{"start":{"line":11,"column":11},"end":{"line":11,"column":12}},"loc":{"start":{"line":11,"column":43},"end":{"line":24,"column":1}},"line":11},"1":{"name":"(anonymous_1)","decl":{"start":{"line":14,"column":12},"end":{"line":14,"column":13}},"loc":{"start":{"line":14,"column":23},"end":{"line":19,"column":7}},"line":14},"2":{"name":"(anonymous_2)","decl":{"start":{"line":15,"column":23},"end":{"line":15,"column":24}},"loc":{"start":{"line":15,"column":30},"end":{"line":15,"column":64}},"line":15},"3":{"name":"(anonymous_3)","decl":{"start":{"line":20,"column":13},"end":{"line":20,"column":14}},"loc":{"start":{"line":20,"column":22},"end":{"line":20,"column":31}},"line":20},"4":{"name":"(anonymous_4)","decl":{"start":{"line":30,"column":32},"end":{"line":30,"column":33}},"loc":{"start":{"line":30,"column":58},"end":{"line":44,"column":1}},"line":30},"5":{"name":"(anonymous_5)","decl":{"start":{"line":46,"column":32},"end":{"line":46,"column":33}},"loc":{"start":{"line":46,"column":58},"end":{"line":58,"column":1}},"line":46},"6":{"name":"(anonymous_6)","decl":{"start":{"line":63,"column":31},"end":{"line":63,"column":32}},"loc":{"start":{"line":63,"column":57},"end":{"line":75,"column":1}},"line":63},"7":{"name":"(anonymous_7)","decl":{"start":{"line":69,"column":19},"end":{"line":69,"column":20}},"loc":{"start":{"line":69,"column":32},"end":{"line":69,"column":72}},"line":69},"8":{"name":"(anonymous_8)","decl":{"start":{"line":77,"column":29},"end":{"line":77,"column":30}},"loc":{"start":{"line":77,"column":55},"end":{"line":89,"column":1}},"line":77}},"branchMap":{"0":{"loc":{"start":{"line":12,"column":2},"end":{"line":23,"column":3}},"type":"if","locations":[{"start":{"line":12,"column":2},"end":{"line":23,"column":3}},{"start":{"line":12,"column":2},"end":{"line":23,"column":3}}],"line":12},"1":{"loc":{"start":{"line":12,"column":6},"end":{"line":12,"column":40}},"type":"binary-expr","locations":[{"start":{"line":12,"column":6},"end":{"line":12,"column":17}},{"start":{"line":12,"column":21},"end":{"line":12,"column":40}}],"line":12},"2":{"loc":{"start":{"line":15,"column":8},"end":{"line":18,"column":9}},"type":"if","locations":[{"start":{"line":15,"column":8},"end":{"line":18,"column":9}},{"start":{"line":15,"column":8},"end":{"line":18,"column":9}}],"line":15},"3":{"loc":{"start":{"line":34,"column":4},"end":{"line":36,"column":5}},"type":"if","locations":[{"start":{"line":34,"column":4},"end":{"line":36,"column":5}},{"start":{"line":34,"column":4},"end":{"line":36,"column":5}}],"line":34},"4":{"loc":{"start":{"line":37,"column":4},"end":{"line":39,"column":5}},"type":"if","locations":[{"start":{"line":37,"column":4},"end":{"line":39,"column":5}},{"start":{"line":37,"column":4},"end":{"line":39,"column":5}}],"line":37},"5":{"loc":{"start":{"line":51,"column":4},"end":{"line":53,"column":5}},"type":"if","locations":[{"start":{"line":51,"column":4},"end":{"line":53,"column":5}},{"start":{"line":51,"column":4},"end":{"line":53,"column":5}}],"line":51},"6":{"loc":{"start":{"line":82,"column":4},"end":{"line":84,"column":5}},"type":"if","locations":[{"start":{"line":82,"column":4},"end":{"line":84,"column":5}},{"start":{"line":82,"column":4},"end":{"line":84,"column":5}}],"line":82}},"s":{"0":2,"1":2,"2":2,"3":2,"4":2,"5":2,"6":2,"7":2,"8":0,"9":0,"10":0,"11":0,"12":0,"13":0,"14":0,"15":0,"16":2,"17":0,"18":0,"19":0,"20":0,"21":0,"22":0,"23":0,"24":0,"25":0,"26":2,"27":0,"28":0,"29":0,"30":0,"31":0,"32":0,"33":0,"34":0,"35":2,"36":0,"37":0,"38":0,"39":0,"40":0,"41":0,"42":0,"43":0,"44":0,"45":0,"46":2,"47":0,"48":0,"49":0,"50":0,"51":0,"52":0,"53":0,"54":0,"55":2,"56":2},"f":{"0":0,"1":0,"2":0,"3":0,"4":0,"5":0,"6":0,"7":0,"8":0},"b":{"0":[0,0],"1":[0,0],"2":[0,0],"3":[0,0],"4":[0,0],"5":[0,0],"6":[0,0]},"_coverageSchema":"1a1c01bbd47fc00a2c39e90264f33305004495a9","hash":"a7bd267177306826bd7649ce97060fda4d099132"}
,"C:\\Users\\Noa\\Desktop\\Footballsystem\\Football-system\\project\\routes\\utils\\DButils.js": {"path":"C:\\Users\\Noa\\Desktop\\Footballsystem\\Football-system\\project\\routes\\utils\\DButils.js","statementMap":{"0":{"start":{"line":1,"column":0},"end":{"line":1,"column":27}},"1":{"start":{"line":2,"column":12},"end":{"line":2,"column":28}},"2":{"start":{"line":4,"column":15},"end":{"line":13,"column":1}},"3":{"start":{"line":15,"column":13},"end":{"line":15,"column":43}},"4":{"start":{"line":16,"column":20},"end":{"line":16,"column":34}},"5":{"start":{"line":18,"column":0},"end":{"line":27,"column":2}},"6":{"start":{"line":19,"column":2},"end":{"line":19,"column":20}},"7":{"start":{"line":20,"column":2},"end":{"line":26,"column":3}},"8":{"start":{"line":21,"column":17},"end":{"line":21,"column":50}},"9":{"start":{"line":22,"column":4},"end":{"line":22,"column":28}},"10":{"start":{"line":24,"column":4},"end":{"line":24,"column":36}},"11":{"start":{"line":25,"column":4},"end":{"line":25,"column":14}}},"fnMap":{"0":{"name":"(anonymous_0)","decl":{"start":{"line":18,"column":20},"end":{"line":18,"column":21}},"loc":{"start":{"line":18,"column":43},"end":{"line":27,"column":1}},"line":18}},"branchMap":{},"s":{"0":2,"1":2,"2":2,"3":2,"4":2,"5":2,"6":2,"7":2,"8":2,"9":2,"10":0,"11":0},"f":{"0":2},"b":{},"_coverageSchema":"1a1c01bbd47fc00a2c39e90264f33305004495a9","hash":"e01403e48be958eecb1d7c88abb7b785169f1c40"}
,"C:\\Users\\Noa\\Desktop\\Footballsystem\\Football-system\\project\\routes\\utils\\coach_utils.js": {"path":"C:\\Users\\Noa\\Desktop\\Footballsystem\\Football-system\\project\\routes\\utils\\coach_utils.js","statementMap":{"0":{"start":{"line":1,"column":14},"end":{"line":1,"column":30}},"1":{"start":{"line":2,"column":19},"end":{"line":2,"column":59}},"2":{"start":{"line":3,"column":18},"end":{"line":3,"column":21}},"3":{"start":{"line":4,"column":18},"end":{"line":4,"column":23}},"4":{"start":{"line":7,"column":16},"end":{"line":7,"column":18}},"5":{"start":{"line":8,"column":14},"end":{"line":13,"column":4}},"6":{"start":{"line":14,"column":2},"end":{"line":16,"column":4}},"7":{"start":{"line":15,"column":6},"end":{"line":15,"column":53}},"8":{"start":{"line":17,"column":2},"end":{"line":20,"column":3}},"9":{"start":{"line":17,"column":14},"end":{"line":17,"column":15}},"10":{"start":{"line":18,"column":21},"end":{"line":18,"column":49}},"11":{"start":{"line":19,"column":6},"end":{"line":19,"column":48}},"12":{"start":{"line":21,"column":2},"end":{"line":21,"column":16}},"13":{"start":{"line":26,"column":17},"end":{"line":31,"column":6}},"14":{"start":{"line":32,"column":19},"end":{"line":32,"column":53}},"15":{"start":{"line":33,"column":4},"end":{"line":33,"column":19}},"16":{"start":{"line":37,"column":15},"end":{"line":41,"column":6}},"17":{"start":{"line":42,"column":4},"end":{"line":42,"column":42}},"18":{"start":{"line":48,"column":44},"end":{"line":48,"column":64}},"19":{"start":{"line":49,"column":15},"end":{"line":49,"column":43}},"20":{"start":{"line":50,"column":15},"end":{"line":54,"column":6}},"21":{"start":{"line":55,"column":4},"end":{"line":60,"column":6}},"22":{"start":{"line":64,"column":16},"end":{"line":64,"column":47}},"23":{"start":{"line":65,"column":21},"end":{"line":65,"column":46}},"24":{"start":{"line":66,"column":4},"end":{"line":66,"column":22}},"25":{"start":{"line":70,"column":4},"end":{"line":95,"column":5}},"26":{"start":{"line":71,"column":22},"end":{"line":75,"column":10}},"27":{"start":{"line":76,"column":17},"end":{"line":76,"column":40}},"28":{"start":{"line":77,"column":19},"end":{"line":81,"column":10}},"29":{"start":{"line":82,"column":100},"end":{"line":82,"column":115}},"30":{"start":{"line":83,"column":8},"end":{"line":92,"column":10}},"31":{"start":{"line":94,"column":8},"end":{"line":94,"column":50}},"32":{"start":{"line":100,"column":0},"end":{"line":100,"column":36}},"33":{"start":{"line":101,"column":0},"end":{"line":101,"column":36}},"34":{"start":{"line":102,"column":0},"end":{"line":102,"column":42}},"35":{"start":{"line":103,"column":0},"end":{"line":103,"column":39}}},"fnMap":{"0":{"name":"getCoachByName","decl":{"start":{"line":6,"column":15},"end":{"line":6,"column":29}},"loc":{"start":{"line":6,"column":35},"end":{"line":22,"column":1}},"line":6},"1":{"name":"(anonymous_1)","decl":{"start":{"line":14,"column":33},"end":{"line":14,"column":34}},"loc":{"start":{"line":14,"column":41},"end":{"line":16,"column":3}},"line":14},"2":{"name":"getCoachIdByTeam","decl":{"start":{"line":25,"column":15},"end":{"line":25,"column":31}},"loc":{"start":{"line":25,"column":40},"end":{"line":34,"column":1}},"line":25},"3":{"name":"getCoachInfo","decl":{"start":{"line":36,"column":15},"end":{"line":36,"column":27}},"loc":{"start":{"line":36,"column":37},"end":{"line":45,"column":1}},"line":36},"4":{"name":"extractRelevantCoachData","decl":{"start":{"line":47,"column":15},"end":{"line":47,"column":39}},"loc":{"start":{"line":47,"column":52},"end":{"line":61,"column":1}},"line":47},"5":{"name":"getPlayersByTeam","decl":{"start":{"line":63,"column":15},"end":{"line":63,"column":31}},"loc":{"start":{"line":63,"column":41},"end":{"line":67,"column":1}},"line":63},"6":{"name":"getCoachById","decl":{"start":{"line":69,"column":15},"end":{"line":69,"column":27}},"loc":{"start":{"line":69,"column":37},"end":{"line":98,"column":1}},"line":69}},"branchMap":{},"s":{"0":2,"1":2,"2":2,"3":2,"4":0,"5":0,"6":0,"7":0,"8":0,"9":0,"10":0,"11":0,"12":0,"13":0,"14":0,"15":0,"16":0,"17":0,"18":0,"19":0,"20":0,"21":0,"22":0,"23":0,"24":0,"25":0,"26":0,"27":0,"28":0,"29":0,"30":0,"31":0,"32":2,"33":2,"34":2,"35":2},"f":{"0":0,"1":0,"2":0,"3":0,"4":0,"5":0,"6":0},"b":{},"_coverageSchema":"1a1c01bbd47fc00a2c39e90264f33305004495a9","hash":"5a080e175278561ae8d15247e9ec50616b99c323"}
,"C:\\Users\\Noa\\Desktop\\Footballsystem\\Football-system\\project\\routes\\utils\\current_stage_utils.js": {"path":"C:\\Users\\Noa\\Desktop\\Footballsystem\\Football-system\\project\\routes\\utils\\current_stage_utils.js","statementMap":{"0":{"start":{"line":1,"column":16},"end":{"line":1,"column":36}},"1":{"start":{"line":2,"column":19},"end":{"line":2,"column":43}},"2":{"start":{"line":5,"column":25},"end":{"line":7,"column":5}},"3":{"start":{"line":8,"column":4},"end":{"line":11,"column":5}},"4":{"start":{"line":8,"column":17},"end":{"line":8,"column":18}},"5":{"start":{"line":9,"column":8},"end":{"line":9,"column":93}},"6":{"start":{"line":10,"column":8},"end":{"line":10,"column":93}},"7":{"start":{"line":12,"column":23},"end":{"line":14,"column":5}},"8":{"start":{"line":15,"column":4},"end":{"line":22,"column":5}},"9":{"start":{"line":15,"column":17},"end":{"line":15,"column":18}},"10":{"start":{"line":16,"column":8},"end":{"line":16,"column":89}},"11":{"start":{"line":17,"column":8},"end":{"line":17,"column":89}},"12":{"start":{"line":18,"column":21},"end":{"line":20,"column":9}},"13":{"start":{"line":21,"column":8},"end":{"line":21,"column":37}},"14":{"start":{"line":23,"column":4},"end":{"line":26,"column":5}},"15":{"start":{"line":29,"column":0},"end":{"line":29,"column":27}}},"fnMap":{"0":{"name":"getGames","decl":{"start":{"line":4,"column":15},"end":{"line":4,"column":23}},"loc":{"start":{"line":4,"column":25},"end":{"line":27,"column":1}},"line":4}},"branchMap":{},"s":{"0":2,"1":2,"2":0,"3":0,"4":0,"5":0,"6":0,"7":0,"8":0,"9":0,"10":0,"11":0,"12":0,"13":0,"14":0,"15":2},"f":{"0":0},"b":{},"_coverageSchema":"1a1c01bbd47fc00a2c39e90264f33305004495a9","hash":"ad65f618d64e72cfdf5d02c519602c1a7aa973f5"}
,"C:\\Users\\Noa\\Desktop\\Footballsystem\\Football-system\\project\\routes\\utils\\league_utils.js": {"path":"C:\\Users\\Noa\\Desktop\\Footballsystem\\Football-system\\project\\routes\\utils\\league_utils.js","statementMap":{"0":{"start":{"line":1,"column":14},"end":{"line":1,"column":30}},"1":{"start":{"line":2,"column":18},"end":{"line":2,"column":21}},"2":{"start":{"line":3,"column":16},"end":{"line":3,"column":36}},"3":{"start":{"line":4,"column":19},"end":{"line":4,"column":59}},"4":{"start":{"line":7,"column":19},"end":{"line":15,"column":5}},"5":{"start":{"line":17,"column":4},"end":{"line":29,"column":5}},"6":{"start":{"line":18,"column":8},"end":{"line":25,"column":10}},"7":{"start":{"line":26,"column":8},"end":{"line":26,"column":36}},"8":{"start":{"line":28,"column":8},"end":{"line":28,"column":71}},"9":{"start":{"line":31,"column":16},"end":{"line":33,"column":5}},"10":{"start":{"line":34,"column":19},"end":{"line":34,"column":35}},"11":{"start":{"line":35,"column":20},"end":{"line":35,"column":37}},"12":{"start":{"line":36,"column":20},"end":{"line":40,"column":6}},"13":{"start":{"line":41,"column":20},"end":{"line":45,"column":6}},"14":{"start":{"line":47,"column":17},"end":{"line":54,"column":5}},"15":{"start":{"line":55,"column":4},"end":{"line":60,"column":6}},"16":{"start":{"line":62,"column":0},"end":{"line":62,"column":44}}},"fnMap":{"0":{"name":"getLeagueDetails","decl":{"start":{"line":6,"column":15},"end":{"line":6,"column":31}},"loc":{"start":{"line":6,"column":34},"end":{"line":61,"column":1}},"line":6}},"branchMap":{},"s":{"0":2,"1":2,"2":2,"3":2,"4":0,"5":0,"6":0,"7":0,"8":0,"9":0,"10":0,"11":0,"12":0,"13":0,"14":0,"15":0,"16":2},"f":{"0":0},"b":{},"_coverageSchema":"1a1c01bbd47fc00a2c39e90264f33305004495a9","hash":"57873c27bd7a5c4838541c4151a4f54ea7d9cf4c"}
,"C:\\Users\\Noa\\Desktop\\Footballsystem\\Football-system\\project\\routes\\utils\\players_utils.js": {"path":"C:\\Users\\Noa\\Desktop\\Footballsystem\\Football-system\\project\\routes\\utils\\players_utils.js","statementMap":{"0":{"start":{"line":1,"column":14},"end":{"line":1,"column":30}},"1":{"start":{"line":2,"column":19},"end":{"line":2,"column":59}},"2":{"start":{"line":4,"column":18},"end":{"line":4,"column":21}},"3":{"start":{"line":7,"column":2},"end":{"line":21,"column":3}},"4":{"start":{"line":8,"column":26},"end":{"line":8,"column":28}},"5":{"start":{"line":9,"column":17},"end":{"line":14,"column":6}},"6":{"start":{"line":15,"column":4},"end":{"line":17,"column":6}},"7":{"start":{"line":16,"column":8},"end":{"line":16,"column":46}},"8":{"start":{"line":18,"column":4},"end":{"line":18,"column":27}},"9":{"start":{"line":20,"column":4},"end":{"line":20,"column":20}},"10":{"start":{"line":25,"column":17},"end":{"line":25,"column":19}},"11":{"start":{"line":26,"column":2},"end":{"line":35,"column":4}},"12":{"start":{"line":27,"column":4},"end":{"line":34,"column":5}},"13":{"start":{"line":36,"column":16},"end":{"line":36,"column":18}},"14":{"start":{"line":37,"column":21},"end":{"line":37,"column":48}},"15":{"start":{"line":38,"column":2},"end":{"line":40,"column":5}},"16":{"start":{"line":39,"column":4},"end":{"line":39,"column":34}},"17":{"start":{"line":42,"column":2},"end":{"line":42,"column":44}},"18":{"start":{"line":47,"column":2},"end":{"line":57,"column":5}},"19":{"start":{"line":48,"column":61},"end":{"line":48,"column":72}},"20":{"start":{"line":49,"column":15},"end":{"line":49,"column":41}},"21":{"start":{"line":50,"column":4},"end":{"line":56,"column":6}},"22":{"start":{"line":61,"column":16},"end":{"line":66,"column":4}},"23":{"start":{"line":67,"column":2},"end":{"line":69,"column":4}},"24":{"start":{"line":68,"column":6},"end":{"line":68,"column":128}},"25":{"start":{"line":70,"column":20},"end":{"line":70,"column":54}},"26":{"start":{"line":71,"column":2},"end":{"line":71,"column":20}},"27":{"start":{"line":74,"column":24},"end":{"line":74,"column":57}},"28":{"start":{"line":75,"column":2},"end":{"line":77,"column":3}},"29":{"start":{"line":76,"column":4},"end":{"line":76,"column":20}},"30":{"start":{"line":78,"column":21},"end":{"line":78,"column":58}},"31":{"start":{"line":79,"column":2},"end":{"line":79,"column":22}},"32":{"start":{"line":83,"column":2},"end":{"line":107,"column":3}},"33":{"start":{"line":84,"column":19},"end":{"line":89,"column":6}},"34":{"start":{"line":90,"column":126},"end":{"line":90,"column":142}},"35":{"start":{"line":91,"column":21},"end":{"line":91,"column":47}},"36":{"start":{"line":92,"column":4},"end":{"line":104,"column":6}},"37":{"start":{"line":106,"column":4},"end":{"line":106,"column":46}},"38":{"start":{"line":112,"column":0},"end":{"line":112,"column":44}},"39":{"start":{"line":113,"column":0},"end":{"line":113,"column":40}},"40":{"start":{"line":114,"column":0},"end":{"line":114,"column":38}},"41":{"start":{"line":115,"column":0},"end":{"line":115,"column":42}}},"fnMap":{"0":{"name":"getPlayerIdsByTeam","decl":{"start":{"line":6,"column":15},"end":{"line":6,"column":33}},"loc":{"start":{"line":6,"column":43},"end":{"line":22,"column":1}},"line":6},"1":{"name":"(anonymous_1)","decl":{"start":{"line":15,"column":34},"end":{"line":15,"column":35}},"loc":{"start":{"line":16,"column":8},"end":{"line":16,"column":46}},"line":16},"2":{"name":"getPlayersInfo","decl":{"start":{"line":24,"column":15},"end":{"line":24,"column":29}},"loc":{"start":{"line":24,"column":48},"end":{"line":43,"column":1}},"line":24},"3":{"name":"(anonymous_3)","decl":{"start":{"line":26,"column":23},"end":{"line":26,"column":24}},"loc":{"start":{"line":27,"column":4},"end":{"line":34,"column":5}},"line":27},"4":{"name":"(anonymous_4)","decl":{"start":{"line":38,"column":19},"end":{"line":38,"column":20}},"loc":{"start":{"line":38,"column":30},"end":{"line":40,"column":3}},"line":38},"5":{"name":"extractRelevantPlayerData","decl":{"start":{"line":46,"column":9},"end":{"line":46,"column":34}},"loc":{"start":{"line":46,"column":49},"end":{"line":58,"column":1}},"line":46},"6":{"name":"(anonymous_6)","decl":{"start":{"line":47,"column":26},"end":{"line":47,"column":27}},"loc":{"start":{"line":47,"column":43},"end":{"line":57,"column":3}},"line":47},"7":{"name":"getPlayersByName","decl":{"start":{"line":60,"column":15},"end":{"line":60,"column":31}},"loc":{"start":{"line":60,"column":37},"end":{"line":72,"column":1}},"line":60},"8":{"name":"(anonymous_8)","decl":{"start":{"line":67,"column":37},"end":{"line":67,"column":38}},"loc":{"start":{"line":67,"column":49},"end":{"line":69,"column":3}},"line":67},"9":{"name":"getPlayersByTeam","decl":{"start":{"line":73,"column":15},"end":{"line":73,"column":31}},"loc":{"start":{"line":73,"column":41},"end":{"line":80,"column":1}},"line":73},"10":{"name":"getPlayerById","decl":{"start":{"line":82,"column":15},"end":{"line":82,"column":28}},"loc":{"start":{"line":82,"column":39},"end":{"line":109,"column":1}},"line":82}},"branchMap":{"0":{"loc":{"start":{"line":68,"column":13},"end":{"line":68,"column":128}},"type":"binary-expr","locations":[{"start":{"line":68,"column":13},"end":{"line":68,"column":38}},{"start":{"line":68,"column":42},"end":{"line":68,"column":79}},{"start":{"line":68,"column":83},"end":{"line":68,"column":128}}],"line":68},"1":{"loc":{"start":{"line":75,"column":2},"end":{"line":77,"column":3}},"type":"if","locations":[{"start":{"line":75,"column":2},"end":{"line":77,"column":3}},{"start":{"line":75,"column":2},"end":{"line":77,"column":3}}],"line":75}},"s":{"0":2,"1":2,"2":2,"3":0,"4":0,"5":0,"6":0,"7":0,"8":0,"9":0,"10":0,"11":0,"12":0,"13":0,"14":0,"15":0,"16":0,"17":0,"18":0,"19":0,"20":0,"21":0,"22":0,"23":0,"24":0,"25":0,"26":0,"27":0,"28":0,"29":0,"30":0,"31":0,"32":0,"33":0,"34":0,"35":0,"36":0,"37":0,"38":2,"39":2,"40":2,"41":2},"f":{"0":0,"1":0,"2":0,"3":0,"4":0,"5":0,"6":0,"7":0,"8":0,"9":0,"10":0},"b":{"0":[0,0,0],"1":[0,0]},"_coverageSchema":"1a1c01bbd47fc00a2c39e90264f33305004495a9","hash":"e01fc7acf3cf9111a8e43ce85fd9174db96f4556"}
,"C:\\Users\\Noa\\Desktop\\Footballsystem\\Football-system\\project\\routes\\utils\\representive_utils.js": {"path":"C:\\Users\\Noa\\Desktop\\Footballsystem\\Football-system\\project\\routes\\utils\\representive_utils.js","statementMap":{"0":{"start":{"line":1,"column":16},"end":{"line":1,"column":36}},"1":{"start":{"line":2,"column":19},"end":{"line":2,"column":43}},"2":{"start":{"line":3,"column":14},"end":{"line":3,"column":30}},"3":{"start":{"line":4,"column":28},"end":{"line":4,"column":60}},"4":{"start":{"line":5,"column":19},"end":{"line":5,"column":22}},"5":{"start":{"line":6,"column":18},"end":{"line":6,"column":21}},"6":{"start":{"line":7,"column":19},"end":{"line":7,"column":59}},"7":{"start":{"line":11,"column":13},"end":{"line":11,"column":79}},"8":{"start":{"line":12,"column":4},"end":{"line":12,"column":22}},"9":{"start":{"line":13,"column":22},"end":{"line":13,"column":35}},"10":{"start":{"line":14,"column":22},"end":{"line":14,"column":35}},"11":{"start":{"line":15,"column":18},"end":{"line":15,"column":68}},"12":{"start":{"line":16,"column":18},"end":{"line":16,"column":68}},"13":{"start":{"line":17,"column":4},"end":{"line":19,"column":146}},"14":{"start":{"line":23,"column":4},"end":{"line":26,"column":40}},"15":{"start":{"line":27,"column":4},"end":{"line":29,"column":36}},"16":{"start":{"line":33,"column":4},"end":{"line":38,"column":5}},"17":{"start":{"line":33,"column":17},"end":{"line":33,"column":18}},"18":{"start":{"line":34,"column":8},"end":{"line":37,"column":83}},"19":{"start":{"line":42,"column":18},"end":{"line":42,"column":64}},"20":{"start":{"line":43,"column":4},"end":{"line":43,"column":16}},"21":{"start":{"line":47,"column":21},"end":{"line":47,"column":111}},"22":{"start":{"line":48,"column":4},"end":{"line":48,"column":19}},"23":{"start":{"line":52,"column":22},"end":{"line":52,"column":86}},"24":{"start":{"line":53,"column":23},"end":{"line":60,"column":5}},"25":{"start":{"line":61,"column":16},"end":{"line":61,"column":18}},"26":{"start":{"line":62,"column":4},"end":{"line":64,"column":6}},"27":{"start":{"line":63,"column":8},"end":{"line":63,"column":48}},"28":{"start":{"line":65,"column":4},"end":{"line":70,"column":6}},"29":{"start":{"line":66,"column":8},"end":{"line":69,"column":10}},"30":{"start":{"line":71,"column":4},"end":{"line":80,"column":5}},"31":{"start":{"line":71,"column":17},"end":{"line":71,"column":18}},"32":{"start":{"line":72,"column":21},"end":{"line":78,"column":14}},"33":{"start":{"line":79,"column":8},"end":{"line":79,"column":55}},"34":{"start":{"line":81,"column":20},"end":{"line":81,"column":38}},"35":{"start":{"line":82,"column":19},"end":{"line":82,"column":108}},"36":{"start":{"line":83,"column":18},"end":{"line":83,"column":19}},"37":{"start":{"line":84,"column":4},"end":{"line":95,"column":5}},"38":{"start":{"line":84,"column":17},"end":{"line":84,"column":18}},"39":{"start":{"line":85,"column":8},"end":{"line":85,"column":25}},"40":{"start":{"line":86,"column":19},"end":{"line":86,"column":56}},"41":{"start":{"line":87,"column":8},"end":{"line":87,"column":29}},"42":{"start":{"line":88,"column":20},"end":{"line":88,"column":61}},"43":{"start":{"line":89,"column":26},"end":{"line":89,"column":80}},"44":{"start":{"line":90,"column":25},"end":{"line":90,"column":97}},"45":{"start":{"line":91,"column":8},"end":{"line":91,"column":68}},"46":{"start":{"line":92,"column":8},"end":{"line":92,"column":67}},"47":{"start":{"line":93,"column":8},"end":{"line":93,"column":18}},"48":{"start":{"line":101,"column":20},"end":{"line":101,"column":22}},"49":{"start":{"line":102,"column":16},"end":{"line":102,"column":41}},"50":{"start":{"line":103,"column":21},"end":{"line":103,"column":39}},"51":{"start":{"line":104,"column":22},"end":{"line":104,"column":62}},"52":{"start":{"line":105,"column":4},"end":{"line":117,"column":5}},"53":{"start":{"line":105,"column":17},"end":{"line":105,"column":18}},"54":{"start":{"line":106,"column":20},"end":{"line":106,"column":22}},"55":{"start":{"line":107,"column":8},"end":{"line":114,"column":9}},"56":{"start":{"line":107,"column":21},"end":{"line":107,"column":22}},"57":{"start":{"line":108,"column":12},"end":{"line":113,"column":13}},"58":{"start":{"line":109,"column":16},"end":{"line":109,"column":78}},"59":{"start":{"line":112,"column":16},"end":{"line":112,"column":77}},"60":{"start":{"line":115,"column":8},"end":{"line":115,"column":29}},"61":{"start":{"line":116,"column":8},"end":{"line":116,"column":44}},"62":{"start":{"line":118,"column":4},"end":{"line":118,"column":20}},"63":{"start":{"line":123,"column":17},"end":{"line":123,"column":24}},"64":{"start":{"line":124,"column":17},"end":{"line":124,"column":38}},"65":{"start":{"line":125,"column":4},"end":{"line":127,"column":5}},"66":{"start":{"line":125,"column":17},"end":{"line":125,"column":30}},"67":{"start":{"line":126,"column":8},"end":{"line":126,"column":27}},"68":{"start":{"line":128,"column":4},"end":{"line":131,"column":5}},"69":{"start":{"line":128,"column":17},"end":{"line":128,"column":18}},"70":{"start":{"line":129,"column":8},"end":{"line":129,"column":27}},"71":{"start":{"line":132,"column":4},"end":{"line":132,"column":20}},"72":{"start":{"line":133,"column":4},"end":{"line":133,"column":32}},"73":{"start":{"line":137,"column":4},"end":{"line":140,"column":5}},"74":{"start":{"line":137,"column":17},"end":{"line":137,"column":33}},"75":{"start":{"line":138,"column":16},"end":{"line":138,"column":51}},"76":{"start":{"line":139,"column":8},"end":{"line":139,"column":50}},"77":{"start":{"line":143,"column":4},"end":{"line":143,"column":39}},"78":{"start":{"line":144,"column":13},"end":{"line":144,"column":79}},"79":{"start":{"line":145,"column":4},"end":{"line":145,"column":18}},"80":{"start":{"line":146,"column":4},"end":{"line":150,"column":5}},"81":{"start":{"line":146,"column":17},"end":{"line":146,"column":18}},"82":{"start":{"line":147,"column":8},"end":{"line":149,"column":207}},"83":{"start":{"line":152,"column":0},"end":{"line":152,"column":54}},"84":{"start":{"line":153,"column":0},"end":{"line":153,"column":33}},"85":{"start":{"line":154,"column":0},"end":{"line":154,"column":33}},"86":{"start":{"line":155,"column":0},"end":{"line":155,"column":29}},"87":{"start":{"line":156,"column":0},"end":{"line":156,"column":31}},"88":{"start":{"line":157,"column":0},"end":{"line":157,"column":33}}},"fnMap":{"0":{"name":"insert_game","decl":{"start":{"line":10,"column":15},"end":{"line":10,"column":26}},"loc":{"start":{"line":10,"column":32},"end":{"line":20,"column":1}},"line":10},"1":{"name":"add_result","decl":{"start":{"line":22,"column":15},"end":{"line":22,"column":25}},"loc":{"start":{"line":22,"column":41},"end":{"line":30,"column":1}},"line":22},"2":{"name":"add_diary","decl":{"start":{"line":32,"column":15},"end":{"line":32,"column":24}},"loc":{"start":{"line":32,"column":40},"end":{"line":39,"column":1}},"line":32},"3":{"name":"getAllGames","decl":{"start":{"line":41,"column":15},"end":{"line":41,"column":26}},"loc":{"start":{"line":41,"column":28},"end":{"line":44,"column":1}},"line":41},"4":{"name":"getReferees","decl":{"start":{"line":46,"column":15},"end":{"line":46,"column":26}},"loc":{"start":{"line":46,"column":28},"end":{"line":49,"column":1}},"line":46},"5":{"name":"create_games_scheduele","decl":{"start":{"line":51,"column":15},"end":{"line":51,"column":37}},"loc":{"start":{"line":51,"column":81},"end":{"line":98,"column":1}},"line":51},"6":{"name":"(anonymous_6)","decl":{"start":{"line":62,"column":49},"end":{"line":62,"column":50}},"loc":{"start":{"line":62,"column":58},"end":{"line":64,"column":5}},"line":62},"7":{"name":"(anonymous_7)","decl":{"start":{"line":65,"column":21},"end":{"line":65,"column":22}},"loc":{"start":{"line":66,"column":8},"end":{"line":69,"column":10}},"line":66},"8":{"name":"round_robin","decl":{"start":{"line":100,"column":9},"end":{"line":100,"column":20}},"loc":{"start":{"line":100,"column":27},"end":{"line":120,"column":1}},"line":100},"9":{"name":"shift_arrays","decl":{"start":{"line":122,"column":9},"end":{"line":122,"column":21}},"loc":{"start":{"line":122,"column":33},"end":{"line":134,"column":1}},"line":122},"10":{"name":"shuffle","decl":{"start":{"line":136,"column":9},"end":{"line":136,"column":16}},"loc":{"start":{"line":136,"column":23},"end":{"line":141,"column":1}},"line":136},"11":{"name":"matchGamesToDay","decl":{"start":{"line":142,"column":15},"end":{"line":142,"column":30}},"loc":{"start":{"line":142,"column":61},"end":{"line":151,"column":1}},"line":142}},"branchMap":{"0":{"loc":{"start":{"line":108,"column":12},"end":{"line":113,"column":13}},"type":"if","locations":[{"start":{"line":108,"column":12},"end":{"line":113,"column":13}},{"start":{"line":108,"column":12},"end":{"line":113,"column":13}}],"line":108}},"s":{"0":2,"1":2,"2":2,"3":2,"4":2,"5":2,"6":2,"7":0,"8":0,"9":0,"10":0,"11":0,"12":0,"13":0,"14":0,"15":0,"16":0,"17":0,"18":0,"19":0,"20":0,"21":0,"22":0,"23":0,"24":0,"25":0,"26":0,"27":0,"28":0,"29":0,"30":0,"31":0,"32":0,"33":0,"34":0,"35":0,"36":0,"37":0,"38":0,"39":0,"40":0,"41":0,"42":0,"43":0,"44":0,"45":0,"46":0,"47":0,"48":0,"49":0,"50":0,"51":0,"52":0,"53":0,"54":0,"55":0,"56":0,"57":0,"58":0,"59":0,"60":0,"61":0,"62":0,"63":0,"64":0,"65":0,"66":0,"67":0,"68":0,"69":0,"70":0,"71":0,"72":0,"73":0,"74":0,"75":0,"76":0,"77":0,"78":0,"79":0,"80":0,"81":0,"82":0,"83":2,"84":2,"85":2,"86":2,"87":2,"88":2},"f":{"0":0,"1":0,"2":0,"3":0,"4":0,"5":0,"6":0,"7":0,"8":0,"9":0,"10":0,"11":0},"b":{"0":[0,0]},"_coverageSchema":"1a1c01bbd47fc00a2c39e90264f33305004495a9","hash":"1e86fedbb1a7c24954e72cb88e72d4acebba8fc7"}
,"C:\\Users\\Noa\\Desktop\\Footballsystem\\Football-system\\project\\routes\\utils\\scheduele_generator.js": {"path":"C:\\Users\\Noa\\Desktop\\Footballsystem\\Football-system\\project\\routes\\utils\\scheduele_generator.js","statementMap":{"0":{"start":{"line":1,"column":22},"end":{"line":9,"column":1}},"1":{"start":{"line":13,"column":20},"end":{"line":13,"column":22}},"2":{"start":{"line":14,"column":21},"end":{"line":14,"column":68}},"3":{"start":{"line":15,"column":4},"end":{"line":15,"column":98}},"4":{"start":{"line":15,"column":39},"end":{"line":15,"column":96}},"5":{"start":{"line":15,"column":65},"end":{"line":15,"column":95}},"6":{"start":{"line":16,"column":4},"end":{"line":16,"column":21}},"7":{"start":{"line":20,"column":20},"end":{"line":20,"column":31}},"8":{"start":{"line":21,"column":22},"end":{"line":21,"column":41}},"9":{"start":{"line":22,"column":4},"end":{"line":25,"column":5}},"10":{"start":{"line":23,"column":8},"end":{"line":23,"column":47}},"11":{"start":{"line":24,"column":8},"end":{"line":24,"column":45}},"12":{"start":{"line":26,"column":4},"end":{"line":26,"column":21}},"13":{"start":{"line":29,"column":0},"end":{"line":33,"column":1}},"14":{"start":{"line":30,"column":15},"end":{"line":30,"column":39}},"15":{"start":{"line":31,"column":4},"end":{"line":31,"column":40}},"16":{"start":{"line":32,"column":4},"end":{"line":32,"column":16}},"17":{"start":{"line":35,"column":0},"end":{"line":35,"column":37}}},"fnMap":{"0":{"name":"findClassDays","decl":{"start":{"line":12,"column":9},"end":{"line":12,"column":22}},"loc":{"start":{"line":12,"column":54},"end":{"line":17,"column":1}},"line":12},"1":{"name":"(anonymous_1)","decl":{"start":{"line":15,"column":34},"end":{"line":15,"column":35}},"loc":{"start":{"line":15,"column":39},"end":{"line":15,"column":96}},"line":15},"2":{"name":"(anonymous_2)","decl":{"start":{"line":15,"column":55},"end":{"line":15,"column":56}},"loc":{"start":{"line":15,"column":65},"end":{"line":15,"column":95}},"line":15},"3":{"name":"getDates","decl":{"start":{"line":19,"column":9},"end":{"line":19,"column":17}},"loc":{"start":{"line":19,"column":39},"end":{"line":27,"column":1}},"line":19},"4":{"name":"(anonymous_4)","decl":{"start":{"line":29,"column":25},"end":{"line":29,"column":26}},"loc":{"start":{"line":29,"column":40},"end":{"line":33,"column":1}},"line":29}},"branchMap":{},"s":{"0":2,"1":0,"2":0,"3":0,"4":0,"5":0,"6":0,"7":0,"8":0,"9":0,"10":0,"11":0,"12":0,"13":2,"14":0,"15":0,"16":0,"17":2},"f":{"0":0,"1":0,"2":0,"3":0,"4":0},"b":{},"_coverageSchema":"1a1c01bbd47fc00a2c39e90264f33305004495a9","hash":"1ef061518b984c33cb9e5e53eef985ec8da6c223"}
,"C:\\Users\\Noa\\Desktop\\Footballsystem\\Football-system\\project\\routes\\utils\\teams_utils.js": {"path":"C:\\Users\\Noa\\Desktop\\Footballsystem\\Football-system\\project\\routes\\utils\\teams_utils.js","statementMap":{"0":{"start":{"line":1,"column":14},"end":{"line":1,"column":30}},"1":{"start":{"line":2,"column":19},"end":{"line":2,"column":59}},"2":{"start":{"line":3,"column":18},"end":{"line":3,"column":21}},"3":{"start":{"line":6,"column":16},"end":{"line":11,"column":6}},"4":{"start":{"line":12,"column":4},"end":{"line":14,"column":6}},"5":{"start":{"line":13,"column":8},"end":{"line":13,"column":77}},"6":{"start":{"line":15,"column":4},"end":{"line":15,"column":37}},"7":{"start":{"line":20,"column":4},"end":{"line":26,"column":7}},"8":{"start":{"line":21,"column":8},"end":{"line":25,"column":10}},"9":{"start":{"line":30,"column":15},"end":{"line":34,"column":6}},"10":{"start":{"line":35,"column":4},"end":{"line":35,"column":30}},"11":{"start":{"line":38,"column":0},"end":{"line":38,"column":41}},"12":{"start":{"line":39,"column":0},"end":{"line":39,"column":39}}},"fnMap":{"0":{"name":"getTeamsByName","decl":{"start":{"line":5,"column":15},"end":{"line":5,"column":29}},"loc":{"start":{"line":5,"column":35},"end":{"line":17,"column":1}},"line":5},"1":{"name":"(anonymous_1)","decl":{"start":{"line":12,"column":35},"end":{"line":12,"column":36}},"loc":{"start":{"line":12,"column":43},"end":{"line":14,"column":5}},"line":12},"2":{"name":"getTeamRelevantData","decl":{"start":{"line":19,"column":9},"end":{"line":19,"column":28}},"loc":{"start":{"line":19,"column":35},"end":{"line":27,"column":1}},"line":19},"3":{"name":"(anonymous_3)","decl":{"start":{"line":20,"column":21},"end":{"line":20,"column":22}},"loc":{"start":{"line":20,"column":31},"end":{"line":26,"column":5}},"line":20},"4":{"name":"getTeamNameById","decl":{"start":{"line":29,"column":15},"end":{"line":29,"column":30}},"loc":{"start":{"line":29,"column":34},"end":{"line":36,"column":1}},"line":29}},"branchMap":{"0":{"loc":{"start":{"line":13,"column":15},"end":{"line":13,"column":77}},"type":"binary-expr","locations":[{"start":{"line":13,"column":15},"end":{"line":13,"column":40}},{"start":{"line":13,"column":44},"end":{"line":13,"column":77}}],"line":13}},"s":{"0":2,"1":2,"2":2,"3":0,"4":0,"5":0,"6":0,"7":0,"8":0,"9":0,"10":0,"11":2,"12":2},"f":{"0":0,"1":0,"2":0,"3":0,"4":0},"b":{"0":[0,0]},"_coverageSchema":"1a1c01bbd47fc00a2c39e90264f33305004495a9","hash":"6c74b649e210504c46ebbf93dbe64923fb4146d8"}
,"C:\\Users\\Noa\\Desktop\\Footballsystem\\Football-system\\project\\routes\\utils\\users_utils.js": {"path":"C:\\Users\\Noa\\Desktop\\Footballsystem\\Football-system\\project\\routes\\utils\\users_utils.js","statementMap":{"0":{"start":{"line":1,"column":16},"end":{"line":1,"column":36}},"1":{"start":{"line":4,"column":2},"end":{"line":6,"column":4}},"2":{"start":{"line":10,"column":21},"end":{"line":12,"column":3}},"3":{"start":{"line":13,"column":2},"end":{"line":13,"column":20}},"4":{"start":{"line":17,"column":24},"end":{"line":18,"column":74}},"5":{"start":{"line":19,"column":14},"end":{"line":19,"column":16}},"6":{"start":{"line":20,"column":2},"end":{"line":27,"column":3}},"7":{"start":{"line":20,"column":15},"end":{"line":20,"column":16}},"8":{"start":{"line":21,"column":20},"end":{"line":21,"column":46}},"9":{"start":{"line":22,"column":18},"end":{"line":25,"column":39}},"10":{"start":{"line":26,"column":4},"end":{"line":26,"column":24}},"11":{"start":{"line":28,"column":2},"end":{"line":28,"column":14}},"12":{"start":{"line":32,"column":15},"end":{"line":32,"column":115}},"13":{"start":{"line":33,"column":2},"end":{"line":38,"column":3}},"14":{"start":{"line":34,"column":4},"end":{"line":34,"column":16}},"15":{"start":{"line":37,"column":4},"end":{"line":37,"column":15}},"16":{"start":{"line":41,"column":15},"end":{"line":41,"column":124}},"17":{"start":{"line":42,"column":2},"end":{"line":49,"column":3}},"18":{"start":{"line":43,"column":4},"end":{"line":44,"column":93}},"19":{"start":{"line":45,"column":4},"end":{"line":45,"column":20}},"20":{"start":{"line":48,"column":4},"end":{"line":48,"column":17}},"21":{"start":{"line":52,"column":0},"end":{"line":52,"column":31}},"22":{"start":{"line":53,"column":0},"end":{"line":53,"column":47}},"23":{"start":{"line":54,"column":0},"end":{"line":54,"column":44}},"24":{"start":{"line":55,"column":0},"end":{"line":55,"column":52}},"25":{"start":{"line":56,"column":0},"end":{"line":56,"column":48}}},"fnMap":{"0":{"name":"markPlayerAsFavorite","decl":{"start":{"line":3,"column":15},"end":{"line":3,"column":35}},"loc":{"start":{"line":3,"column":56},"end":{"line":7,"column":1}},"line":3},"1":{"name":"getFavoritePlayers","decl":{"start":{"line":9,"column":15},"end":{"line":9,"column":33}},"loc":{"start":{"line":9,"column":43},"end":{"line":14,"column":1}},"line":9},"2":{"name":"getFavoriteGames","decl":{"start":{"line":16,"column":15},"end":{"line":16,"column":31}},"loc":{"start":{"line":16,"column":40},"end":{"line":29,"column":1}},"line":16},"3":{"name":"isPastGame","decl":{"start":{"line":31,"column":15},"end":{"line":31,"column":25}},"loc":{"start":{"line":31,"column":34},"end":{"line":39,"column":1}},"line":31},"4":{"name":"markGameAsFavorite","decl":{"start":{"line":40,"column":15},"end":{"line":40,"column":33}},"loc":{"start":{"line":40,"column":50},"end":{"line":50,"column":1}},"line":40}},"branchMap":{"0":{"loc":{"start":{"line":33,"column":2},"end":{"line":38,"column":3}},"type":"if","locations":[{"start":{"line":33,"column":2},"end":{"line":38,"column":3}},{"start":{"line":33,"column":2},"end":{"line":38,"column":3}}],"line":33},"1":{"loc":{"start":{"line":42,"column":2},"end":{"line":49,"column":3}},"type":"if","locations":[{"start":{"line":42,"column":2},"end":{"line":49,"column":3}},{"start":{"line":42,"column":2},"end":{"line":49,"column":3}}],"line":42}},"s":{"0":2,"1":0,"2":0,"3":0,"4":0,"5":0,"6":0,"7":0,"8":0,"9":0,"10":0,"11":0,"12":0,"13":0,"14":0,"15":0,"16":0,"17":0,"18":0,"19":0,"20":0,"21":2,"22":2,"23":2,"24":2,"25":2},"f":{"0":0,"1":0,"2":0,"3":0,"4":0},"b":{"0":[0,0],"1":[0,0]},"_coverageSchema":"1a1c01bbd47fc00a2c39e90264f33305004495a9","hash":"befd8dbce308d3524f308e69577ed70217ce3611"}
}
