TN:
SF:project\main.js
FN:37,(anonymous_0)
FN:62,(anonymous_1)
FN:65,(anonymous_2)
FN:66,(anonymous_3)
FN:71,(anonymous_4)
FN:79,(anonymous_5)
FN:91,(anonymous_6)
FNF:7
FNH:2
FNDA:0,(anonymous_0)
FNDA:2,(anonymous_1)
FNDA:0,(anonymous_2)
FNDA:0,(anonymous_3)
FNDA:0,(anonymous_4)
FNDA:0,(anonymous_5)
FNDA:2,(anonymous_6)
DA:2,2
DA:3,2
DA:4,2
DA:5,2
DA:8,2
DA:9,2
DA:10,2
DA:11,2
DA:12,2
DA:14,2
DA:15,2
DA:16,2
DA:18,2
DA:30,2
DA:31,2
DA:35,2
DA:37,2
DA:38,0
DA:41,2
DA:46,2
DA:47,2
DA:49,2
DA:51,2
DA:52,2
DA:53,2
DA:54,2
DA:55,2
DA:56,2
DA:57,2
DA:58,2
DA:62,2
DA:63,2
DA:64,0
DA:66,0
DA:67,0
DA:69,0
DA:71,0
DA:73,2
DA:79,2
DA:82,2
DA:83,2
DA:84,2
DA:85,2
DA:86,2
DA:87,2
DA:88,2
DA:89,2
DA:91,2
DA:93,2
DA:102,2
LF:50
LH:44
BRDA:49,0,0,2
BRDA:49,0,1,2
BRDA:63,1,0,0
BRDA:63,1,1,2
BRDA:63,2,0,2
BRDA:63,2,1,2
BRDA:66,3,0,0
BRDA:66,3,1,0
BRDA:93,4,0,2
BRDA:93,4,1,0
BRF:10
BRH:6
end_of_record
TN:
SF:project\routes\auth.js
FN:6,(anonymous_0)
FN:14,(anonymous_1)
FN:34,(anonymous_2)
FN:61,(anonymous_3)
FNF:4
FNH:2
FNDA:2,(anonymous_0)
FNDA:2,(anonymous_1)
FNDA:0,(anonymous_2)
FNDA:0,(anonymous_3)
DA:1,2
DA:2,2
DA:3,2
DA:4,2
DA:6,2
DA:7,2
DA:11,2
DA:14,2
DA:15,2
DA:18,0
DA:22,0
DA:25,0
DA:28,0
DA:30,2
DA:34,2
DA:35,0
DA:36,0
DA:43,0
DA:44,0
DA:48,0
DA:49,0
DA:51,0
DA:52,0
DA:54,0
DA:56,0
DA:61,2
DA:62,0
DA:63,0
DA:66,2
LF:29
LH:13
BRDA:14,0,0,2
BRDA:14,0,1,0
BRDA:43,1,0,0
BRDA:43,1,1,0
BRDA:43,2,0,0
BRDA:43,2,1,0
BRDA:48,3,0,0
BRDA:48,3,1,0
BRDA:48,4,0,0
BRDA:48,4,1,0
BRDA:48,4,2,0
BRF:11
BRH:1
end_of_record
TN:
SF:project\routes\coach.js
FN:6,(anonymous_0)
FNF:1
FNH:0
FNDA:0,(anonymous_0)
DA:1,2
DA:2,2
DA:3,2
DA:4,2
DA:6,2
DA:7,0
DA:8,0
DA:9,0
DA:10,0
DA:12,0
DA:13,0
DA:14,0
DA:16,0
DA:20,0
DA:24,2
LF:15
LH:6
BRDA:9,0,0,0
BRDA:9,0,1,0
BRDA:13,1,0,0
BRDA:13,1,1,0
BRF:4
BRH:0
end_of_record
TN:
SF:project\routes\current_stage.js
FN:7,(anonymous_0)
FNF:1
FNH:0
FNDA:0,(anonymous_0)
DA:1,2
DA:2,2
DA:3,2
DA:4,2
DA:7,2
DA:8,0
DA:9,0
DA:10,0
DA:11,0
DA:13,0
DA:15,0
DA:19,2
LF:12
LH:6
BRDA:10,0,0,0
BRDA:10,0,1,0
BRDA:10,1,0,0
BRDA:10,1,1,0
BRF:4
BRH:0
end_of_record
TN:
SF:project\routes\league.js
FN:5,(anonymous_0)
FNF:1
FNH:0
FNDA:0,(anonymous_0)
DA:1,2
DA:2,2
DA:3,2
DA:5,2
DA:6,0
DA:7,0
DA:8,0
DA:10,0
DA:14,2
LF:9
LH:5
BRF:0
BRH:0
end_of_record
TN:
SF:project\routes\player.js
FN:5,(anonymous_0)
FNF:1
FNH:0
FNDA:0,(anonymous_0)
DA:1,2
DA:2,2
DA:3,2
DA:5,2
DA:6,0
DA:7,0
DA:8,0
DA:9,0
DA:11,0
DA:12,0
DA:13,0
DA:15,0
DA:18,0
DA:24,2
LF:14
LH:5
BRDA:8,0,0,0
BRDA:8,0,1,0
BRDA:12,1,0,0
BRDA:12,1,1,0
BRF:4
BRH:0
end_of_record
TN:
SF:project\routes\representive.js
FN:13,(anonymous_0)
FN:21,(anonymous_1)
FN:35,(anonymous_2)
FN:44,(anonymous_3)
FN:57,(anonymous_4)
FN:69,(anonymous_5)
FN:81,(anonymous_6)
FNF:7
FNH:0
FNDA:0,(anonymous_0)
FNDA:0,(anonymous_1)
FNDA:0,(anonymous_2)
FNDA:0,(anonymous_3)
FNDA:0,(anonymous_4)
FNDA:0,(anonymous_5)
FNDA:0,(anonymous_6)
DA:1,2
DA:2,2
DA:3,2
DA:5,2
DA:6,2
DA:7,2
DA:8,2
DA:9,2
DA:13,2
DA:14,0
DA:15,0
DA:17,0
DA:21,2
DA:22,0
DA:23,0
DA:24,0
DA:26,0
DA:27,0
DA:29,0
DA:35,2
DA:36,0
DA:37,0
DA:38,0
DA:40,0
DA:44,2
DA:45,0
DA:46,0
DA:47,0
DA:48,0
DA:50,0
DA:51,0
DA:53,0
DA:57,2
DA:58,0
DA:59,0
DA:60,0
DA:61,0
DA:63,0
DA:65,0
DA:69,2
DA:70,0
DA:71,0
DA:72,0
DA:73,0
DA:75,0
DA:77,0
DA:81,2
DA:82,0
DA:83,0
DA:88,2
LF:50
LH:16
BRDA:14,0,0,0
BRDA:14,0,1,0
BRDA:14,1,0,0
BRDA:14,1,1,0
BRDA:23,2,0,0
BRDA:23,2,1,0
BRDA:47,3,0,0
BRDA:47,3,1,0
BRDA:60,4,0,0
BRDA:60,4,1,0
BRDA:72,5,0,0
BRDA:72,5,1,0
BRF:12
BRH:0
end_of_record
TN:
SF:project\routes\search.js
FN:9,(anonymous_0)
FN:33,(anonymous_1)
FN:41,(anonymous_2)
FN:56,(anonymous_3)
FN:60,(anonymous_4)
FN:63,(anonymous_5)
FNF:6
FNH:0
FNDA:0,(anonymous_0)
FNDA:0,(anonymous_1)
FNDA:0,(anonymous_2)
FNDA:0,(anonymous_3)
FNDA:0,(anonymous_4)
FNDA:0,(anonymous_5)
DA:1,2
DA:2,2
DA:3,2
DA:4,2
DA:5,2
DA:6,2
DA:9,2
DA:10,0
DA:11,0
DA:12,0
DA:13,0
DA:14,0
DA:15,0
DA:17,0
DA:22,0
DA:23,0
DA:24,0
DA:26,0
DA:29,0
DA:33,2
DA:34,0
DA:35,0
DA:36,0
DA:37,0
DA:38,0
DA:40,0
DA:41,0
DA:42,0
DA:44,0
DA:45,0
DA:46,0
DA:47,0
DA:48,0
DA:50,0
DA:52,0
DA:56,2
DA:57,0
DA:58,0
DA:59,0
DA:60,0
DA:61,0
DA:63,0
DA:64,0
DA:66,0
DA:67,0
DA:68,0
DA:69,0
DA:70,0
DA:71,0
DA:73,0
DA:75,0
DA:80,2
LF:52
LH:10
BRDA:14,0,0,0
BRDA:14,0,1,0
BRDA:14,1,0,0
BRDA:14,1,1,0
BRDA:14,1,2,0
BRDA:22,2,0,0
BRDA:22,2,1,0
BRDA:22,3,0,0
BRDA:22,3,1,0
BRDA:37,4,0,0
BRDA:37,4,1,0
BRDA:44,5,0,0
BRDA:44,5,1,0
BRDA:46,6,0,0
BRDA:46,6,1,0
BRDA:46,7,0,0
BRDA:46,7,1,0
BRDA:67,8,0,0
BRDA:67,8,1,0
BRDA:67,9,0,0
BRDA:67,9,1,0
BRDA:69,10,0,0
BRDA:69,10,1,0
BRDA:69,11,0,0
BRDA:69,11,1,0
BRF:25
BRH:0
end_of_record
TN:
SF:project\routes\teams.js
FN:7,(anonymous_0)
FN:35,get_team_games
FNF:2
FNH:0
FNDA:0,(anonymous_0)
FNDA:0,get_team_games
DA:1,2
DA:2,2
DA:3,2
DA:4,2
DA:5,2
DA:7,2
DA:8,0
DA:9,0
DA:10,0
DA:13,0
DA:14,0
DA:17,0
DA:20,0
DA:21,0
DA:28,0
DA:30,0
DA:36,0
DA:39,0
DA:40,0
DA:41,0
DA:42,0
DA:45,0
DA:47,0
DA:51,0
DA:57,2
LF:25
LH:7
BRDA:13,0,0,0
BRDA:13,0,1,0
BRF:2
BRH:0
end_of_record
TN:
SF:project\routes\users.js
FN:11,(anonymous_0)
FN:14,(anonymous_1)
FN:15,(anonymous_2)
FN:20,(anonymous_3)
FN:30,(anonymous_4)
FN:46,(anonymous_5)
FN:63,(anonymous_6)
FN:69,(anonymous_7)
FN:77,(anonymous_8)
FNF:9
FNH:0
FNDA:0,(anonymous_0)
FNDA:0,(anonymous_1)
FNDA:0,(anonymous_2)
FNDA:0,(anonymous_3)
FNDA:0,(anonymous_4)
FNDA:0,(anonymous_5)
FNDA:0,(anonymous_6)
FNDA:0,(anonymous_7)
FNDA:0,(anonymous_8)
DA:1,2
DA:2,2
DA:3,2
DA:4,2
DA:5,2
DA:6,2
DA:7,2
DA:11,2
DA:12,0
DA:13,0
DA:15,0
DA:16,0
DA:17,0
DA:20,0
DA:22,0
DA:30,2
DA:31,0
DA:32,0
DA:33,0
DA:34,0
DA:35,0
DA:37,0
DA:38,0
DA:40,0
DA:42,0
DA:46,2
DA:47,0
DA:48,0
DA:49,0
DA:50,0
DA:51,0
DA:52,0
DA:54,0
DA:56,0
DA:63,2
DA:64,0
DA:65,0
DA:66,0
DA:67,0
DA:68,0
DA:69,0
DA:70,0
DA:71,0
DA:73,0
DA:77,2
DA:78,0
DA:79,0
DA:80,0
DA:81,0
DA:82,0
DA:83,0
DA:85,0
DA:87,0
DA:90,2
DA:91,2
LF:55
LH:14
BRDA:12,0,0,0
BRDA:12,0,1,0
BRDA:12,1,0,0
BRDA:12,1,1,0
BRDA:15,2,0,0
BRDA:15,2,1,0
BRDA:34,3,0,0
BRDA:34,3,1,0
BRDA:37,4,0,0
BRDA:37,4,1,0
BRDA:51,5,0,0
BRDA:51,5,1,0
BRDA:82,6,0,0
BRDA:82,6,1,0
BRF:14
BRH:0
end_of_record
TN:
SF:project\routes\utils\DButils.js
FN:18,(anonymous_0)
FNF:1
FNH:1
FNDA:2,(anonymous_0)
DA:1,2
DA:2,2
DA:4,2
DA:15,2
DA:16,2
DA:18,2
DA:19,2
DA:20,2
DA:21,2
DA:22,2
DA:24,0
DA:25,0
LF:12
LH:10
BRF:0
BRH:0
end_of_record
TN:
SF:project\routes\utils\coach_utils.js
FN:6,getCoachByName
FN:14,(anonymous_1)
FN:25,getCoachIdByTeam
FN:36,getCoachInfo
FN:47,extractRelevantCoachData
FN:63,getPlayersByTeam
FN:69,getCoachById
FNF:7
FNH:0
FNDA:0,getCoachByName
FNDA:0,(anonymous_1)
FNDA:0,getCoachIdByTeam
FNDA:0,getCoachInfo
FNDA:0,extractRelevantCoachData
FNDA:0,getPlayersByTeam
FNDA:0,getCoachById
DA:1,2
DA:2,2
DA:3,2
DA:4,2
DA:7,0
DA:8,0
DA:14,0
DA:15,0
DA:17,0
DA:18,0
DA:19,0
DA:21,0
DA:26,0
DA:32,0
DA:33,0
DA:37,0
DA:42,0
DA:48,0
DA:49,0
DA:50,0
DA:55,0
DA:64,0
DA:65,0
DA:66,0
DA:70,0
DA:71,0
DA:76,0
DA:77,0
DA:82,0
DA:83,0
DA:94,0
DA:100,2
DA:101,2
DA:102,2
DA:103,2
LF:35
LH:8
BRF:0
BRH:0
end_of_record
TN:
SF:project\routes\utils\current_stage_utils.js
FN:4,getGames
FNF:1
FNH:0
FNDA:0,getGames
DA:1,2
DA:2,2
DA:5,0
DA:8,0
DA:9,0
DA:10,0
DA:12,0
DA:15,0
DA:16,0
DA:17,0
DA:18,0
DA:21,0
DA:23,0
DA:29,2
LF:14
LH:3
BRF:0
BRH:0
end_of_record
TN:
SF:project\routes\utils\league_utils.js
FN:6,getLeagueDetails
FNF:1
FNH:0
FNDA:0,getLeagueDetails
DA:1,2
DA:2,2
DA:3,2
DA:4,2
DA:7,0
DA:17,0
DA:18,0
DA:26,0
DA:28,0
DA:31,0
DA:34,0
DA:35,0
DA:36,0
DA:41,0
DA:47,0
DA:55,0
DA:62,2
LF:17
LH:5
BRF:0
BRH:0
end_of_record
TN:
SF:project\routes\utils\players_utils.js
FN:6,getPlayerIdsByTeam
FN:15,(anonymous_1)
FN:24,getPlayersInfo
FN:26,(anonymous_3)
FN:38,(anonymous_4)
FN:46,extractRelevantPlayerData
FN:47,(anonymous_6)
FN:60,getPlayersByName
FN:67,(anonymous_8)
FN:73,getPlayersByTeam
FN:82,getPlayerById
FNF:11
FNH:0
FNDA:0,getPlayerIdsByTeam
FNDA:0,(anonymous_1)
FNDA:0,getPlayersInfo
FNDA:0,(anonymous_3)
FNDA:0,(anonymous_4)
FNDA:0,extractRelevantPlayerData
FNDA:0,(anonymous_6)
FNDA:0,getPlayersByName
FNDA:0,(anonymous_8)
FNDA:0,getPlayersByTeam
FNDA:0,getPlayerById
DA:1,2
DA:2,2
DA:4,2
DA:7,0
DA:8,0
DA:9,0
DA:15,0
DA:16,0
DA:18,0
DA:20,0
DA:25,0
DA:26,0
DA:27,0
DA:36,0
DA:37,0
DA:38,0
DA:39,0
DA:42,0
DA:47,0
DA:48,0
DA:49,0
DA:50,0
DA:61,0
DA:67,0
DA:68,0
DA:70,0
DA:71,0
DA:74,0
DA:75,0
DA:76,0
DA:78,0
DA:79,0
DA:83,0
DA:84,0
DA:90,0
DA:91,0
DA:92,0
DA:106,0
DA:112,2
DA:113,2
DA:114,2
DA:115,2
LF:42
LH:7
BRDA:68,0,0,0
BRDA:68,0,1,0
BRDA:68,0,2,0
BRDA:75,1,0,0
BRDA:75,1,1,0
BRF:5
BRH:0
end_of_record
TN:
SF:project\routes\utils\representive_utils.js
FN:10,insert_game
FN:22,add_result
FN:32,add_diary
FN:41,getAllGames
FN:46,getReferees
FN:51,create_games_scheduele
FN:62,(anonymous_6)
FN:65,(anonymous_7)
FN:100,round_robin
FN:122,shift_arrays
FN:136,shuffle
FN:142,matchGamesToDay
FNF:12
FNH:0
FNDA:0,insert_game
FNDA:0,add_result
FNDA:0,add_diary
FNDA:0,getAllGames
FNDA:0,getReferees
FNDA:0,create_games_scheduele
FNDA:0,(anonymous_6)
FNDA:0,(anonymous_7)
FNDA:0,round_robin
FNDA:0,shift_arrays
FNDA:0,shuffle
FNDA:0,matchGamesToDay
DA:1,2
DA:2,2
DA:3,2
DA:4,2
DA:5,2
DA:6,2
DA:7,2
DA:11,0
DA:12,0
DA:13,0
DA:14,0
DA:15,0
DA:16,0
DA:17,0
DA:23,0
DA:27,0
DA:33,0
DA:34,0
DA:42,0
DA:43,0
DA:47,0
DA:48,0
DA:52,0
DA:53,0
DA:61,0
DA:62,0
DA:63,0
DA:65,0
DA:66,0
DA:71,0
DA:72,0
DA:79,0
DA:81,0
DA:82,0
DA:83,0
DA:84,0
DA:85,0
DA:86,0
DA:87,0
DA:88,0
DA:89,0
DA:90,0
DA:91,0
DA:92,0
DA:93,0
DA:101,0
DA:102,0
DA:103,0
DA:104,0
DA:105,0
DA:106,0
DA:107,0
DA:108,0
DA:109,0
DA:112,0
DA:115,0
DA:116,0
DA:118,0
DA:123,0
DA:124,0
DA:125,0
DA:126,0
DA:128,0
DA:129,0
DA:132,0
DA:133,0
DA:137,0
DA:138,0
DA:139,0
DA:143,0
DA:144,0
DA:145,0
DA:146,0
DA:147,0
DA:152,2
DA:153,2
DA:154,2
DA:155,2
DA:156,2
DA:157,2
LF:80
LH:13
BRDA:108,0,0,0
BRDA:108,0,1,0
BRF:2
BRH:0
end_of_record
TN:
SF:project\routes\utils\scheduele_generator.js
FN:12,findClassDays
FN:15,(anonymous_1)
FN:15,(anonymous_2)
FN:19,getDates
FN:29,(anonymous_4)
FNF:5
FNH:0
FNDA:0,findClassDays
FNDA:0,(anonymous_1)
FNDA:0,(anonymous_2)
FNDA:0,getDates
FNDA:0,(anonymous_4)
DA:1,2
DA:13,0
DA:14,0
DA:15,0
DA:16,0
DA:20,0
DA:21,0
DA:22,0
DA:23,0
DA:24,0
DA:26,0
DA:29,2
DA:30,0
DA:31,0
DA:32,0
DA:35,2
LF:16
LH:3
BRF:0
BRH:0
end_of_record
TN:
SF:project\routes\utils\teams_utils.js
FN:5,getTeamsByName
FN:12,(anonymous_1)
FN:19,getTeamRelevantData
FN:20,(anonymous_3)
FN:29,getTeamNameById
FNF:5
FNH:0
FNDA:0,getTeamsByName
FNDA:0,(anonymous_1)
FNDA:0,getTeamRelevantData
FNDA:0,(anonymous_3)
FNDA:0,getTeamNameById
DA:1,2
DA:2,2
DA:3,2
DA:6,0
DA:12,0
DA:13,0
DA:15,0
DA:20,0
DA:21,0
DA:30,0
DA:35,0
DA:38,2
DA:39,2
LF:13
LH:5
BRDA:13,0,0,0
BRDA:13,0,1,0
BRF:2
BRH:0
end_of_record
TN:
SF:project\routes\utils\users_utils.js
FN:3,markPlayerAsFavorite
FN:9,getFavoritePlayers
FN:16,getFavoriteGames
FN:31,isPastGame
FN:40,markGameAsFavorite
FNF:5
FNH:0
FNDA:0,markPlayerAsFavorite
FNDA:0,getFavoritePlayers
FNDA:0,getFavoriteGames
FNDA:0,isPastGame
FNDA:0,markGameAsFavorite
DA:1,2
DA:4,0
DA:10,0
DA:13,0
DA:17,0
DA:19,0
DA:20,0
DA:21,0
DA:22,0
DA:26,0
DA:28,0
DA:32,0
DA:33,0
DA:34,0
DA:37,0
DA:41,0
DA:42,0
DA:43,0
DA:45,0
DA:48,0
DA:52,2
DA:53,2
DA:54,2
DA:55,2
DA:56,2
LF:25
LH:6
BRDA:33,0,0,0
BRDA:33,0,1,0
BRDA:42,1,0,0
BRDA:42,1,1,0
BRF:4
BRH:0
end_of_record
