TN:
SF:project\main.js
FN:37,(anonymous_0)
FN:62,(anonymous_1)
FN:65,(anonymous_2)
FN:66,(anonymous_3)
FN:71,(anonymous_4)
FN:79,(anonymous_5)
FN:91,(anonymous_6)
FNF:7
FNH:2
FNDA:0,(anonymous_0)
FNDA:15,(anonymous_1)
FNDA:0,(anonymous_2)
FNDA:0,(anonymous_3)
FNDA:0,(anonymous_4)
FNDA:0,(anonymous_5)
FNDA:10,(anonymous_6)
DA:2,5
DA:3,5
DA:4,5
DA:5,5
DA:8,5
DA:9,5
DA:10,5
DA:11,5
DA:12,5
DA:14,5
DA:15,5
DA:16,5
DA:17,5
DA:18,5
DA:30,5
DA:31,5
DA:35,5
DA:37,5
DA:38,0
DA:41,5
DA:46,5
DA:47,5
DA:49,5
DA:51,5
DA:52,5
DA:53,5
DA:54,5
DA:55,5
DA:56,5
DA:57,5
DA:58,5
DA:62,5
DA:63,15
DA:64,0
DA:66,0
DA:67,0
DA:69,0
DA:71,0
DA:73,15
DA:79,5
DA:82,5
DA:83,5
DA:84,5
DA:85,5
DA:86,5
DA:87,5
DA:88,5
DA:89,5
DA:91,5
DA:93,10
DA:102,5
LF:51
LH:45
BRDA:49,0,0,5
BRDA:49,0,1,5
BRDA:63,1,0,0
BRDA:63,1,1,15
BRDA:63,2,0,15
BRDA:63,2,1,15
BRDA:66,3,0,0
BRDA:66,3,1,0
BRDA:93,4,0,10
BRDA:93,4,1,0
BRF:10
BRH:6
end_of_record
TN:
SF:project\routes\auth.js
FN:6,(anonymous_0)
FN:14,(anonymous_1)
FN:34,(anonymous_2)
FN:61,(anonymous_3)
FNF:4
FNH:4
FNDA:4,(anonymous_0)
FNDA:28,(anonymous_1)
FNDA:10,(anonymous_2)
FNDA:1,(anonymous_3)
DA:1,5
DA:2,5
DA:3,5
DA:4,5
DA:6,5
DA:7,4
DA:11,4
DA:14,28
DA:15,4
DA:18,0
DA:22,0
DA:25,0
DA:28,0
DA:30,4
DA:34,5
DA:35,10
DA:36,10
DA:43,10
DA:44,6
DA:48,4
DA:49,0
DA:51,4
DA:52,4
DA:54,4
DA:56,6
DA:61,5
DA:62,1
DA:63,1
DA:66,5
LF:29
LH:24
BRDA:14,0,0,4
BRDA:14,0,1,0
BRDA:43,1,0,6
BRDA:43,1,1,4
BRDA:43,2,0,10
BRDA:43,2,1,4
BRDA:48,3,0,0
BRDA:48,3,1,4
BRDA:48,4,0,4
BRDA:48,4,1,4
BRDA:48,4,2,0
BRF:11
BRH:8
end_of_record
TN:
SF:project\routes\coach.js
FN:6,(anonymous_0)
FNF:1
FNH:0
FNDA:0,(anonymous_0)
DA:1,5
DA:2,5
DA:3,5
DA:4,5
DA:6,5
DA:7,0
DA:8,0
DA:9,0
DA:10,0
DA:12,0
DA:13,0
DA:14,0
DA:16,0
DA:20,0
DA:24,5
LF:15
LH:6
BRDA:9,0,0,0
BRDA:9,0,1,0
BRDA:13,1,0,0
BRDA:13,1,1,0
BRF:4
BRH:0
end_of_record
TN:
SF:project\routes\current_stage.js
FN:7,(anonymous_0)
FNF:1
FNH:0
FNDA:0,(anonymous_0)
DA:1,5
DA:2,5
DA:3,5
DA:4,5
DA:7,5
DA:8,0
DA:9,0
DA:10,0
DA:11,0
DA:13,0
DA:15,0
DA:19,5
LF:12
LH:6
BRDA:10,0,0,0
BRDA:10,0,1,0
BRDA:10,1,0,0
BRDA:10,1,1,0
BRF:4
BRH:0
end_of_record
TN:
SF:project\routes\league.js
FN:5,(anonymous_0)
FNF:1
FNH:0
FNDA:0,(anonymous_0)
DA:1,5
DA:2,5
DA:3,5
DA:5,5
DA:6,0
DA:7,0
DA:8,0
DA:10,0
DA:14,5
LF:9
LH:5
BRF:0
BRH:0
end_of_record
TN:
SF:project\routes\player.js
FN:5,(anonymous_0)
FNF:1
FNH:0
FNDA:0,(anonymous_0)
DA:1,5
DA:2,5
DA:3,5
DA:5,5
DA:6,0
DA:7,0
DA:8,0
DA:9,0
DA:11,0
DA:12,0
DA:13,0
DA:15,0
DA:18,0
DA:24,5
LF:14
LH:5
BRDA:8,0,0,0
BRDA:8,0,1,0
BRDA:12,1,0,0
BRDA:12,1,1,0
BRF:4
BRH:0
end_of_record
TN:
SF:project\routes\representive.js
FN:13,(anonymous_0)
FN:21,(anonymous_1)
FN:35,(anonymous_2)
FN:44,(anonymous_3)
FN:57,(anonymous_4)
FN:69,(anonymous_5)
FN:81,(anonymous_6)
FNF:7
FNH:0
FNDA:0,(anonymous_0)
FNDA:0,(anonymous_1)
FNDA:0,(anonymous_2)
FNDA:0,(anonymous_3)
FNDA:0,(anonymous_4)
FNDA:0,(anonymous_5)
FNDA:0,(anonymous_6)
DA:1,5
DA:2,5
DA:3,5
DA:5,5
DA:6,5
DA:7,5
DA:8,5
DA:9,5
DA:13,5
DA:14,0
DA:15,0
DA:17,0
DA:21,5
DA:22,0
DA:23,0
DA:24,0
DA:26,0
DA:27,0
DA:29,0
DA:35,5
DA:36,0
DA:37,0
DA:38,0
DA:40,0
DA:44,5
DA:45,0
DA:46,0
DA:47,0
DA:48,0
DA:50,0
DA:51,0
DA:53,0
DA:57,5
DA:58,0
DA:59,0
DA:60,0
DA:61,0
DA:63,0
DA:65,0
DA:69,5
DA:70,0
DA:71,0
DA:72,0
DA:73,0
DA:75,0
DA:77,0
DA:81,5
DA:82,0
DA:83,0
DA:88,5
LF:50
LH:16
BRDA:14,0,0,0
BRDA:14,0,1,0
BRDA:14,1,0,0
BRDA:14,1,1,0
BRDA:23,2,0,0
BRDA:23,2,1,0
BRDA:47,3,0,0
BRDA:47,3,1,0
BRDA:60,4,0,0
BRDA:60,4,1,0
BRDA:72,5,0,0
BRDA:72,5,1,0
BRF:12
BRH:0
end_of_record
TN:
SF:project\routes\search.js
FN:9,(anonymous_0)
FN:33,(anonymous_1)
FN:41,(anonymous_2)
FN:56,(anonymous_3)
FN:60,(anonymous_4)
FN:63,(anonymous_5)
FNF:6
FNH:0
FNDA:0,(anonymous_0)
FNDA:0,(anonymous_1)
FNDA:0,(anonymous_2)
FNDA:0,(anonymous_3)
FNDA:0,(anonymous_4)
FNDA:0,(anonymous_5)
DA:1,5
DA:2,5
DA:3,5
DA:4,5
DA:5,5
DA:6,5
DA:9,5
DA:10,0
DA:11,0
DA:12,0
DA:13,0
DA:14,0
DA:15,0
DA:17,0
DA:22,0
DA:23,0
DA:24,0
DA:26,0
DA:29,0
DA:33,5
DA:34,0
DA:35,0
DA:36,0
DA:37,0
DA:38,0
DA:40,0
DA:41,0
DA:42,0
DA:44,0
DA:45,0
DA:46,0
DA:47,0
DA:48,0
DA:50,0
DA:52,0
DA:56,5
DA:57,0
DA:58,0
DA:59,0
DA:60,0
DA:61,0
DA:63,0
DA:64,0
DA:66,0
DA:67,0
DA:68,0
DA:69,0
DA:70,0
DA:71,0
DA:73,0
DA:75,0
DA:80,5
LF:52
LH:10
BRDA:14,0,0,0
BRDA:14,0,1,0
BRDA:14,1,0,0
BRDA:14,1,1,0
BRDA:14,1,2,0
BRDA:22,2,0,0
BRDA:22,2,1,0
BRDA:22,3,0,0
BRDA:22,3,1,0
BRDA:37,4,0,0
BRDA:37,4,1,0
BRDA:44,5,0,0
BRDA:44,5,1,0
BRDA:46,6,0,0
BRDA:46,6,1,0
BRDA:46,7,0,0
BRDA:46,7,1,0
BRDA:67,8,0,0
BRDA:67,8,1,0
BRDA:67,9,0,0
BRDA:67,9,1,0
BRDA:69,10,0,0
BRDA:69,10,1,0
BRDA:69,11,0,0
BRDA:69,11,1,0
BRF:25
BRH:0
end_of_record
TN:
SF:project\routes\teams.js
FN:7,(anonymous_0)
FN:35,get_team_games
FNF:2
FNH:0
FNDA:0,(anonymous_0)
FNDA:0,get_team_games
DA:1,5
DA:2,5
DA:3,5
DA:4,5
DA:5,5
DA:7,5
DA:8,0
DA:9,0
DA:10,0
DA:13,0
DA:14,0
DA:17,0
DA:20,0
DA:21,0
DA:28,0
DA:30,0
DA:36,0
DA:39,0
DA:40,0
DA:41,0
DA:42,0
DA:45,0
DA:47,0
DA:51,0
DA:57,5
LF:25
LH:7
BRDA:13,0,0,0
BRDA:13,0,1,0
BRF:2
BRH:0
end_of_record
TN:
SF:project\routes\users.js
FN:11,(anonymous_0)
FN:14,(anonymous_1)
FN:15,(anonymous_2)
FN:20,(anonymous_3)
FN:30,(anonymous_4)
FN:46,(anonymous_5)
FN:63,(anonymous_6)
FN:69,(anonymous_7)
FN:77,(anonymous_8)
FNF:9
FNH:0
FNDA:0,(anonymous_0)
FNDA:0,(anonymous_1)
FNDA:0,(anonymous_2)
FNDA:0,(anonymous_3)
FNDA:0,(anonymous_4)
FNDA:0,(anonymous_5)
FNDA:0,(anonymous_6)
FNDA:0,(anonymous_7)
FNDA:0,(anonymous_8)
DA:1,5
DA:2,5
DA:3,5
DA:4,5
DA:5,5
DA:6,5
DA:7,5
DA:11,5
DA:12,0
DA:13,0
DA:15,0
DA:16,0
DA:17,0
DA:20,0
DA:22,0
DA:30,5
DA:31,0
DA:32,0
DA:33,0
DA:34,0
DA:35,0
DA:37,0
DA:38,0
DA:40,0
DA:42,0
DA:46,5
DA:47,0
DA:48,0
DA:49,0
DA:50,0
DA:51,0
DA:52,0
DA:54,0
DA:56,0
DA:63,5
DA:64,0
DA:65,0
DA:66,0
DA:67,0
DA:68,0
DA:69,0
DA:70,0
DA:71,0
DA:73,0
DA:77,5
DA:78,0
DA:79,0
DA:80,0
DA:81,0
DA:82,0
DA:83,0
DA:85,0
DA:87,0
DA:90,5
DA:91,5
LF:55
LH:14
BRDA:12,0,0,0
BRDA:12,0,1,0
BRDA:12,1,0,0
BRDA:12,1,1,0
BRDA:15,2,0,0
BRDA:15,2,1,0
BRDA:34,3,0,0
BRDA:34,3,1,0
BRDA:37,4,0,0
BRDA:37,4,1,0
BRDA:51,5,0,0
BRDA:51,5,1,0
BRDA:82,6,0,0
BRDA:82,6,1,0
BRF:14
BRH:0
end_of_record
TN:
SF:project\routes\utils\DButils.js
FN:18,(anonymous_0)
FNF:1
FNH:1
FNDA:14,(anonymous_0)
DA:1,5
DA:2,5
DA:4,5
DA:15,5
DA:16,5
DA:18,5
DA:19,14
DA:20,14
DA:21,14
DA:22,14
DA:24,0
DA:25,0
LF:12
LH:10
BRF:0
BRH:0
end_of_record
TN:
SF:project\routes\utils\coach_utils.js
FN:6,getCoachByName
FN:14,(anonymous_1)
FN:25,getCoachIdByTeam
FN:36,getCoachInfo
FN:47,extractRelevantCoachData
FN:63,getPlayersByTeam
FN:69,getCoachById
FNF:7
FNH:0
FNDA:0,getCoachByName
FNDA:0,(anonymous_1)
FNDA:0,getCoachIdByTeam
FNDA:0,getCoachInfo
FNDA:0,extractRelevantCoachData
FNDA:0,getPlayersByTeam
FNDA:0,getCoachById
DA:1,5
DA:2,5
DA:3,5
DA:4,5
DA:7,0
DA:8,0
DA:14,0
DA:15,0
DA:17,0
DA:18,0
DA:19,0
DA:21,0
DA:26,0
DA:32,0
DA:33,0
DA:37,0
DA:42,0
DA:48,0
DA:49,0
DA:50,0
DA:55,0
DA:64,0
DA:65,0
DA:66,0
DA:70,0
DA:71,0
DA:76,0
DA:77,0
DA:82,0
DA:83,0
DA:94,0
DA:100,5
DA:101,5
DA:102,5
DA:103,5
LF:35
LH:8
BRF:0
BRH:0
end_of_record
TN:
SF:project\routes\utils\current_stage_utils.js
FN:4,getGames
FNF:1
FNH:0
FNDA:0,getGames
DA:1,5
DA:2,5
DA:5,0
DA:8,0
DA:9,0
DA:10,0
DA:12,0
DA:15,0
DA:16,0
DA:17,0
DA:18,0
DA:21,0
DA:23,0
DA:29,5
LF:14
LH:3
BRF:0
BRH:0
end_of_record
TN:
SF:project\routes\utils\league_utils.js
FN:6,getLeagueDetails
FNF:1
FNH:0
FNDA:0,getLeagueDetails
DA:1,5
DA:2,5
DA:3,5
DA:4,5
DA:7,0
DA:17,0
DA:18,0
DA:26,0
DA:28,0
DA:31,0
DA:34,0
DA:35,0
DA:36,0
DA:41,0
DA:47,0
DA:55,0
DA:62,5
LF:17
LH:5
BRF:0
BRH:0
end_of_record
TN:
SF:project\routes\utils\players_utils.js
FN:6,getPlayerIdsByTeam
FN:15,(anonymous_1)
FN:24,getPlayersInfo
FN:26,(anonymous_3)
FN:38,(anonymous_4)
FN:46,extractRelevantPlayerData
FN:47,(anonymous_6)
FN:60,getPlayersByName
FN:67,(anonymous_8)
FN:73,getPlayersByTeam
FN:82,getPlayerById
FNF:11
FNH:0
FNDA:0,getPlayerIdsByTeam
FNDA:0,(anonymous_1)
FNDA:0,getPlayersInfo
FNDA:0,(anonymous_3)
FNDA:0,(anonymous_4)
FNDA:0,extractRelevantPlayerData
FNDA:0,(anonymous_6)
FNDA:0,getPlayersByName
FNDA:0,(anonymous_8)
FNDA:0,getPlayersByTeam
FNDA:0,getPlayerById
DA:1,5
DA:2,5
DA:4,5
DA:7,0
DA:8,0
DA:9,0
DA:15,0
DA:16,0
DA:18,0
DA:20,0
DA:25,0
DA:26,0
DA:27,0
DA:36,0
DA:37,0
DA:38,0
DA:39,0
DA:42,0
DA:47,0
DA:48,0
DA:49,0
DA:50,0
DA:61,0
DA:67,0
DA:68,0
DA:70,0
DA:71,0
DA:74,0
DA:75,0
DA:76,0
DA:78,0
DA:79,0
DA:83,0
DA:84,0
DA:90,0
DA:91,0
DA:92,0
DA:106,0
DA:112,5
DA:113,5
DA:114,5
DA:115,5
LF:42
LH:7
BRDA:68,0,0,0
BRDA:68,0,1,0
BRDA:68,0,2,0
BRDA:75,1,0,0
BRDA:75,1,1,0
BRF:5
BRH:0
end_of_record
TN:
SF:project\routes\utils\representive_utils.js
FN:10,insert_game
FN:22,add_result
FN:32,add_diary
FN:41,getAllGames
FN:46,getReferees
FN:51,create_games_scheduele
FN:62,(anonymous_6)
FN:65,(anonymous_7)
FN:100,round_robin
FN:122,shift_arrays
FN:136,shuffle
FN:142,matchGamesToDay
FNF:12
FNH:0
FNDA:0,insert_game
FNDA:0,add_result
FNDA:0,add_diary
FNDA:0,getAllGames
FNDA:0,getReferees
FNDA:0,create_games_scheduele
FNDA:0,(anonymous_6)
FNDA:0,(anonymous_7)
FNDA:0,round_robin
FNDA:0,shift_arrays
FNDA:0,shuffle
FNDA:0,matchGamesToDay
DA:1,5
DA:2,5
DA:3,5
DA:4,5
DA:5,5
DA:6,5
DA:7,5
DA:11,0
DA:12,0
DA:13,0
DA:14,0
DA:15,0
DA:16,0
DA:17,0
DA:23,0
DA:27,0
DA:33,0
DA:34,0
DA:42,0
DA:43,0
DA:47,0
DA:48,0
DA:52,0
DA:53,0
DA:61,0
DA:62,0
DA:63,0
DA:65,0
DA:66,0
DA:71,0
DA:72,0
DA:79,0
DA:81,0
DA:82,0
DA:83,0
DA:84,0
DA:85,0
DA:86,0
DA:87,0
DA:88,0
DA:89,0
DA:90,0
DA:91,0
DA:92,0
DA:93,0
DA:101,0
DA:102,0
DA:103,0
DA:104,0
DA:105,0
DA:106,0
DA:107,0
DA:108,0
DA:109,0
DA:112,0
DA:115,0
DA:116,0
DA:118,0
DA:123,0
DA:124,0
DA:125,0
DA:126,0
DA:128,0
DA:129,0
DA:132,0
DA:133,0
DA:137,0
DA:138,0
DA:139,0
DA:143,0
DA:144,0
DA:145,0
DA:146,0
DA:147,0
DA:152,5
DA:153,5
DA:154,5
DA:155,5
DA:156,5
DA:157,5
LF:80
LH:13
BRDA:108,0,0,0
BRDA:108,0,1,0
BRF:2
BRH:0
end_of_record
TN:
SF:project\routes\utils\scheduele_generator.js
FN:12,findClassDays
FN:15,(anonymous_1)
FN:15,(anonymous_2)
FN:19,getDates
FN:29,(anonymous_4)
FNF:5
FNH:0
FNDA:0,findClassDays
FNDA:0,(anonymous_1)
FNDA:0,(anonymous_2)
FNDA:0,getDates
FNDA:0,(anonymous_4)
DA:1,5
DA:13,0
DA:14,0
DA:15,0
DA:16,0
DA:20,0
DA:21,0
DA:22,0
DA:23,0
DA:24,0
DA:26,0
DA:29,5
DA:30,0
DA:31,0
DA:32,0
DA:35,5
LF:16
LH:3
BRF:0
BRH:0
end_of_record
TN:
SF:project\routes\utils\teams_utils.js
FN:5,getTeamsByName
FN:12,(anonymous_1)
FN:19,getTeamRelevantData
FN:20,(anonymous_3)
FN:29,getTeamNameById
FNF:5
FNH:0
FNDA:0,getTeamsByName
FNDA:0,(anonymous_1)
FNDA:0,getTeamRelevantData
FNDA:0,(anonymous_3)
FNDA:0,getTeamNameById
DA:1,5
DA:2,5
DA:3,5
DA:6,0
DA:12,0
DA:13,0
DA:15,0
DA:20,0
DA:21,0
DA:30,0
DA:35,0
DA:38,5
DA:39,5
LF:13
LH:5
BRDA:13,0,0,0
BRDA:13,0,1,0
BRF:2
BRH:0
end_of_record
TN:
SF:project\routes\utils\users_utils.js
FN:3,markPlayerAsFavorite
FN:9,getFavoritePlayers
FN:16,getFavoriteGames
FN:31,isPastGame
FN:40,markGameAsFavorite
FNF:5
FNH:0
FNDA:0,markPlayerAsFavorite
FNDA:0,getFavoritePlayers
FNDA:0,getFavoriteGames
FNDA:0,isPastGame
FNDA:0,markGameAsFavorite
DA:1,5
DA:4,0
DA:10,0
DA:13,0
DA:17,0
DA:19,0
DA:20,0
DA:21,0
DA:22,0
DA:26,0
DA:28,0
DA:32,0
DA:33,0
DA:34,0
DA:37,0
DA:41,0
DA:42,0
DA:43,0
DA:45,0
DA:48,0
DA:52,5
DA:53,5
DA:54,5
DA:55,5
DA:56,5
LF:25
LH:6
BRDA:33,0,0,0
BRDA:33,0,1,0
BRDA:42,1,0,0
BRDA:42,1,1,0
BRF:4
BRH:0
end_of_record
